-- canu 2.2
--
-- CITATIONS
--
-- For 'standard' assemblies of PacBio or Nanopore reads:
--   Koren S, Walenz BP, Berlin K, Miller JR, Phillippy AM.
--   Canu: scalable and accurate long-read assembly via adaptive k-mer weighting and repeat separation.
--   Genome Res. 2017 May;27(5):722-736.
--   http://doi.org/10.1101/gr.215087.116
-- 
-- Read and contig alignments during correction and consensus use:
--   Šošic M, Šikic M.
--   Edlib: a C/C ++ library for fast, exact sequence alignment using edit distance.
--   Bioinformatics. 2017 May 1;33(9):1394-1395.
--   http://doi.org/10.1093/bioinformatics/btw753
-- 
-- Overlaps are generated using:
--   Berlin K, et al.
--   Assembling large genomes with single-molecule sequencing and locality-sensitive hashing.
--   Nat Biotechnol. 2015 Jun;33(6):623-30.
--   http://doi.org/10.1038/nbt.3238
-- 
--   Myers EW, et al.
--   A Whole-Genome Assembly of Drosophila.
--   Science. 2000 Mar 24;287(5461):2196-204.
--   http://doi.org/10.1126/science.287.5461.2196
-- 
-- Corrected read consensus sequences are generated using an algorithm derived from FALCON-sense:
--   Chin CS, et al.
--   Phased diploid genome assembly with single-molecule real-time sequencing.
--   Nat Methods. 2016 Dec;13(12):1050-1054.
--   http://doi.org/10.1038/nmeth.4035
-- 
-- Contig consensus sequences are generated using an algorithm derived from pbdagcon:
--   Chin CS, et al.
--   Nonhybrid, finished microbial genome assemblies from long-read SMRT sequencing data.
--   Nat Methods. 2013 Jun;10(6):563-9
--   http://doi.org/10.1038/nmeth.2474
-- 
-- CONFIGURE CANU
--
-- Detected Java(TM) Runtime Environment '11.0.13' (from '/Users/student/miniconda/bin/java') without -d64 support.
-- Detected gnuplot version '5.4 patchlevel 5   ' (from 'gnuplot') and image format 'png'.
--
-- Detected 8 CPUs and 16 gigabytes of memory on the local machine.
--
-- Local machine mode enabled; grid support not detected or not allowed.
--
--                                (tag)Concurrency
--                         (tag)Threads          |
--                (tag)Memory         |          |
--        (tag)             |         |          |       total usage      algorithm
--        -------  ----------  --------   --------  --------------------  -----------------------------
-- Local: meryl      8.000 GB    4 CPUs x   2 jobs    16.000 GB   8 CPUs  (k-mer counting)
-- Local: hap        8.000 GB    4 CPUs x   2 jobs    16.000 GB   8 CPUs  (read-to-haplotype assignment)
-- Local: cormhap    6.000 GB    8 CPUs x   1 job      6.000 GB   8 CPUs  (overlap detection with mhap)
-- Local: obtovl     4.000 GB    8 CPUs x   1 job      4.000 GB   8 CPUs  (overlap detection)
-- Local: utgovl     4.000 GB    8 CPUs x   1 job      4.000 GB   8 CPUs  (overlap detection)
-- Local: cor        -.--- GB    4 CPUs x   - jobs     -.--- GB   - CPUs  (read correction)
-- Local: ovb        4.000 GB    1 CPU  x   4 jobs    16.000 GB   4 CPUs  (overlap store bucketizer)
-- Local: ovs        8.000 GB    1 CPU  x   2 jobs    16.000 GB   2 CPUs  (overlap store sorting)
-- Local: red        8.000 GB    4 CPUs x   2 jobs    16.000 GB   8 CPUs  (read error detection)
-- Local: oea        8.000 GB    1 CPU  x   2 jobs    16.000 GB   2 CPUs  (overlap error adjustment)
-- Local: bat       16.000 GB    4 CPUs x   1 job     16.000 GB   4 CPUs  (contig construction with bogart)
-- Local: cns        -.--- GB    4 CPUs x   - jobs     -.--- GB   - CPUs  (consensus)
--
-- Found untrimmed raw PacBio CLR reads in the input files.
--
-- Generating assembly 'ecoli' in '/Users/student/genome_assembly/canu-2.2/ecoli-pacbio':
--   genomeSize:
--     4800000
--
--   Overlap Generation Limits:
--     corOvlErrorRate 0.2400 ( 24.00%)
--     obtOvlErrorRate 0.0450 (  4.50%)
--     utgOvlErrorRate 0.0450 (  4.50%)
--
--   Overlap Processing Limits:
--     corErrorRate    0.2500 ( 25.00%)
--     obtErrorRate    0.0450 (  4.50%)
--     utgErrorRate    0.0450 (  4.50%)
--     cnsErrorRate    0.0750 (  7.50%)
--
--   Stages to run:
--     correct raw reads.
--     trim corrected reads.
--     assemble corrected and trimmed reads.
--
--
-- BEGIN CORRECTION
----------------------------------------
-- Starting command on Mon Oct 17 16:55:46 2022 with 759.101 GB free disk space

    cd .
    ./ecoli.seqStore.sh \
    > ./ecoli.seqStore.err 2>&1

-- Finished on Mon Oct 17 16:55:47 2022 (one second) with 759.07 GB free disk space
----------------------------------------
--
-- In sequence store './ecoli.seqStore':
--   Found 12528 reads.
--   Found 115899341 bases (24.14 times coverage).
--    Histogram of raw reads:
--    
--    G=115899341                        sum of  ||               length     num
--    NG         length     index       lengths  ||                range    seqs
--    ----- ------------ --------- ------------  ||  ------------------- -------
--    00010        23681       418     11594726  ||       1000-1825         1198|---------------------------------------------------------------
--    00020        20608       945     23192500  ||       1826-2651         1140|------------------------------------------------------------
--    00030        18475      1538     34784396  ||       2652-3477          960|---------------------------------------------------
--    00040        16351      2204     46367255  ||       3478-4303          779|-----------------------------------------
--    00050        14192      2965     57962265  ||       4304-5129          627|---------------------------------
--    00060        11977      3852     69544809  ||       5130-5955          553|------------------------------
--    00070         9852      4915     81135925  ||       5956-6781          491|--------------------------
--    00080         7623      6248     92726509  ||       6782-7607          519|----------------------------
--    00090         4728      8143    104313913  ||       7608-8433          535|-----------------------------
--    00100         1000     12527    115899341  ||       8434-9259          494|--------------------------
--    001.000x               12528    115899341  ||       9260-10085         431|-----------------------
--                                               ||      10086-10911         438|------------------------
--                                               ||      10912-11737         396|---------------------
--                                               ||      11738-12563         371|--------------------
--                                               ||      12564-13389         311|-----------------
--                                               ||      13390-14215         327|------------------
--                                               ||      14216-15041         305|-----------------
--                                               ||      15042-15867         291|----------------
--                                               ||      15868-16693         269|---------------
--                                               ||      16694-17519         263|--------------
--                                               ||      17520-18345         255|--------------
--                                               ||      18346-19171         230|-------------
--                                               ||      19172-19997         231|-------------
--                                               ||      19998-20823         216|------------
--                                               ||      20824-21649         166|---------
--                                               ||      21650-22475         138|--------
--                                               ||      22476-23301         117|-------
--                                               ||      23302-24127         104|------
--                                               ||      24128-24953          64|----
--                                               ||      24954-25779          52|---
--                                               ||      25780-26605          46|---
--                                               ||      26606-27431          43|---
--                                               ||      27432-28257          34|--
--                                               ||      28258-29083          27|--
--                                               ||      29084-29909          13|-
--                                               ||      29910-30735          19|-
--                                               ||      30736-31561          14|-
--                                               ||      31562-32387          11|-
--                                               ||      32388-33213           9|-
--                                               ||      33214-34039           7|-
--                                               ||      34040-34865           6|-
--                                               ||      34866-35691           5|-
--                                               ||      35692-36517          10|-
--                                               ||      36518-37343           1|-
--                                               ||      37344-38169           3|-
--                                               ||      38170-38995           2|-
--                                               ||      38996-39821           2|-
--                                               ||      39822-40647           2|-
--                                               ||      40648-41473           2|-
--                                               ||      41474-42299           1|-
--    
----------------------------------------
-- Starting command on Mon Oct 17 16:55:48 2022 with 759.07 GB free disk space

    cd correction/0-mercounts
    ./meryl-configure.sh \
    > ./meryl-configure.err 2>&1

-- Finished on Mon Oct 17 16:55:48 2022 (furiously fast) with 759.07 GB free disk space
----------------------------------------
--  segments   memory batches
--  -------- -------- -------
--        01  0.30 GB       2
--
--  For 12528 reads with 115899341 bases, limit to 1 batch.
--  Will count kmers using 01 jobs, each using 2 GB and 4 threads.
--
-- Finished stage 'merylConfigure', reset canuIteration.
--
-- Running jobs.  First attempt out of 2.
----------------------------------------
-- Starting 'meryl' concurrent execution on Mon Oct 17 16:55:48 2022 with 759.07 GB free disk space (1 processes; 2 concurrently)

    cd correction/0-mercounts
    ./meryl-count.sh 1 > ./meryl-count.000001.out 2>&1

-- Finished on Mon Oct 17 16:55:59 2022 (11 seconds) with 757.567 GB free disk space
----------------------------------------
-- Found 1 Kmer counting (meryl) outputs.
-- Finished stage 'cor-merylCountCheck', reset canuIteration.
--
-- Running jobs.  First attempt out of 2.
----------------------------------------
-- Starting 'meryl' concurrent execution on Mon Oct 17 16:55:59 2022 with 757.567 GB free disk space (1 processes; 2 concurrently)

    cd correction/0-mercounts
    ./meryl-process.sh 1 > ./meryl-process.000001.out 2>&1

-- Finished on Mon Oct 17 16:56:03 2022 (4 seconds) with 757.944 GB free disk space
----------------------------------------
-- Meryl finished successfully.  Kmer frequency histogram:
--
--  16-mers                                                                                           Fraction
--    Occurrences   NumMers                                                                         Unique Total
--       1-     1         0                                                                        0.0000 0.0000
--       2-     2   6908233 ********************************************************************** 0.5778 0.3590
--       3-     4   2820998 ****************************                                           0.7273 0.4984
--       5-     7   1710326 *****************                                                      0.8785 0.7065
--       8-    11    455596 ****                                                                   0.9756 0.9090
--      12-    16     40620                                                                        0.9964 0.9720
--      17-    22      8322                                                                        0.9984 0.9811
--      23-    29      5013                                                                        0.9990 0.9848
--      30-    37      3280                                                                        0.9994 0.9880
--      38-    46      1610                                                                        0.9997 0.9907
--      47-    56       954                                                                        0.9998 0.9923
--      57-    67       714                                                                        0.9999 0.9936
--      68-    79       287                                                                        0.9999 0.9947
--      80-    92       108                                                                        1.0000 0.9951
--      93-   106        68                                                                        1.0000 0.9954
--     107-   121        57                                                                        1.0000 0.9955
--     122-   137        34                                                                        1.0000 0.9957
--     138-   154        35                                                                        1.0000 0.9958
--     155-   172        33                                                                        1.0000 0.9959
--     173-   191        29                                                                        1.0000 0.9961
--     192-   211        21                                                                        1.0000 0.9962
--     212-   232        26                                                                        1.0000 0.9963
--     233-   254        18                                                                        1.0000 0.9965
--     255-   277        25                                                                        1.0000 0.9966
--     278-   301        11                                                                        1.0000 0.9968
--     302-   326        14                                                                        1.0000 0.9969
--     327-   352         6                                                                        1.0000 0.9970
--     353-   379         7                                                                        1.0000 0.9970
--     380-   407         5                                                                        1.0000 0.9971
--     408-   436         6                                                                        1.0000 0.9971
--     437-   466         7                                                                        1.0000 0.9972
--     467-   497        11                                                                        1.0000 0.9973
--     498-   529         8                                                                        1.0000 0.9974
--     530-   562        15                                                                        1.0000 0.9975
--     563-   596        12                                                                        1.0000 0.9977
--     597-   631         5                                                                        1.0000 0.9979
--     632-   667         3                                                                        1.0000 0.9980
--     668-   704         4                                                                        1.0000 0.9981
--     705-   742         2                                                                        1.0000 0.9981
--     743-   781         1                                                                        1.0000 0.9982
--     782-   821         2                                                                        1.0000 0.9982
--
--           0 (max occurrences)
--    38481217 (total mers, non-unique)
--    11956540 (distinct mers, non-unique)
--           0 (unique mers)
-- Finished stage 'meryl-process', reset canuIteration.
--
-- Removing meryl database 'correction/0-mercounts/ecoli.ms16'.
--
-- OVERLAPPER (mhap) (correction)
--
-- Set corMhapSensitivity=high based on read coverage of 24.14.
--
-- PARAMETERS: hashes=768, minMatches=2, threshold=0.73
--
-- Given 5.4 GB, can fit 8100 reads per block.
-- For 3 blocks, set stride to 2 blocks.
-- Logging partitioning to 'correction/1-overlapper/partitioning.log'.
-- Configured 2 mhap precompute jobs.
-- Configured 2 mhap overlap jobs.
-- Finished stage 'cor-mhapConfigure', reset canuIteration.
--
-- Running jobs.  First attempt out of 2.
----------------------------------------
-- Starting 'cormhap' concurrent execution on Mon Oct 17 16:56:03 2022 with 758.004 GB free disk space (2 processes; 1 concurrently)

    cd correction/1-overlapper
    ./precompute.sh 1 > ./precompute.000001.out 2>&1
    ./precompute.sh 2 > ./precompute.000002.out 2>&1

-- Finished on Mon Oct 17 17:04:24 2022 (501 seconds) with 757.626 GB free disk space
----------------------------------------
-- All 2 mhap precompute jobs finished successfully.
-- Finished stage 'cor-mhapPrecomputeCheck', reset canuIteration.
--
-- Running jobs.  First attempt out of 2.
----------------------------------------
-- Starting 'cormhap' concurrent execution on Mon Oct 17 17:04:24 2022 with 757.626 GB free disk space (2 processes; 1 concurrently)

    cd correction/1-overlapper
    ./mhap.sh 1 > ./mhap.000001.out 2>&1
    ./mhap.sh 2 > ./mhap.000002.out 2>&1

-- Finished on Mon Oct 17 17:04:41 2022 (17 seconds) with 757.622 GB free disk space
----------------------------------------
-- Found 2 mhap overlap output files.
-- Finished stage 'cor-mhapCheck', reset canuIteration.
----------------------------------------
-- Starting command on Mon Oct 17 17:04:41 2022 with 757.622 GB free disk space

    cd correction
    /Users/student/genome_assembly/canu-2.2/bin/ovStoreConfig \
     -S ../ecoli.seqStore \
     -M 4-8 \
     -L ./1-overlapper/ovljob.files \
     -create ./ecoli.ovlStore.config \
     > ./ecoli.ovlStore.config.txt \
    2> ./ecoli.ovlStore.config.err

-- Finished on Mon Oct 17 17:04:41 2022 (furiously fast) with 757.622 GB free disk space
----------------------------------------
--
-- Creating overlap store correction/ecoli.ovlStore using:
--      2 buckets
--      2 slices
--        using at most 1 GB memory each
-- Finished stage 'cor-overlapStoreConfigure', reset canuIteration.
--
-- Running jobs.  First attempt out of 2.
----------------------------------------
-- Starting 'ovB' concurrent execution on Mon Oct 17 17:04:41 2022 with 757.622 GB free disk space (2 processes; 4 concurrently)

    cd correction/ecoli.ovlStore.BUILDING
    ./scripts/1-bucketize.sh 1 > ./logs/1-bucketize.000001.out 2>&1
    ./scripts/1-bucketize.sh 2 > ./logs/1-bucketize.000002.out 2>&1

-- Finished on Mon Oct 17 17:04:41 2022 (fast as lightning) with 757.613 GB free disk space
----------------------------------------
-- Overlap store bucketizer finished.
-- Finished stage 'cor-overlapStoreBucketizerCheck', reset canuIteration.
--
-- Running jobs.  First attempt out of 2.
----------------------------------------
-- Starting 'ovS' concurrent execution on Mon Oct 17 17:04:42 2022 with 757.613 GB free disk space (2 processes; 2 concurrently)

    cd correction/ecoli.ovlStore.BUILDING
    ./scripts/2-sort.sh 1 > ./logs/2-sort.000001.out 2>&1
    ./scripts/2-sort.sh 2 > ./logs/2-sort.000002.out 2>&1

-- Finished on Mon Oct 17 17:04:42 2022 (in the blink of an eye) with 757.611 GB free disk space
----------------------------------------
-- Overlap store sorter finished.
-- Finished stage 'cor-overlapStoreSorterCheck', reset canuIteration.
----------------------------------------
-- Starting command on Mon Oct 17 17:04:42 2022 with 757.611 GB free disk space

    cd correction
    /Users/student/genome_assembly/canu-2.2/bin/ovStoreIndexer \
      -O  ./ecoli.ovlStore.BUILDING \
      -S ../ecoli.seqStore \
      -C  ./ecoli.ovlStore.config \
      -delete \
    > ./ecoli.ovlStore.BUILDING.index.err 2>&1

-- Finished on Mon Oct 17 17:04:42 2022 (fast as lightning) with 757.612 GB free disk space
----------------------------------------
-- Overlap store indexer finished.
-- Checking store.
----------------------------------------
-- Starting command on Mon Oct 17 17:04:42 2022 with 757.612 GB free disk space

    cd correction
    /Users/student/genome_assembly/canu-2.2/bin/ovStoreDump \
     -S ../ecoli.seqStore \
     -O  ./ecoli.ovlStore \
     -counts \
     > ./ecoli.ovlStore/counts.dat 2> ./ecoli.ovlStore/counts.err

-- Finished on Mon Oct 17 17:04:42 2022 (in the blink of an eye) with 757.612 GB free disk space
----------------------------------------
--
-- Overlap store 'correction/ecoli.ovlStore' successfully constructed.
-- Found 472498 overlaps for 12305 reads; 223 reads have no overlaps.
--
--
-- Purged 0.361 GB in 6 overlap output files.
-- Finished stage 'cor-createOverlapStore', reset canuIteration.
-- Set corMinCoverage=4 based on read coverage of 24.14.
-- Computing correction layouts.
--   Local  filter coverage   80
--   Global filter coverage   40
----------------------------------------
-- Starting command on Mon Oct 17 17:04:42 2022 with 757.991 GB free disk space

    cd correction
    /Users/student/genome_assembly/canu-2.2/bin/generateCorrectionLayouts \
      -S ../ecoli.seqStore \
      -O  ./ecoli.ovlStore \
      -C  ./ecoli.corStore.WORKING \
      -eC 80 \
      -xC 40 \
    > ./ecoli.corStore.err 2>&1

-- Finished on Mon Oct 17 17:04:43 2022 (one second) with 757.976 GB free disk space
----------------------------------------
-- Finished stage 'cor-buildCorrectionLayoutsConfigure', reset canuIteration.
-- Computing correction layouts.
----------------------------------------
-- Starting command on Mon Oct 17 17:04:43 2022 with 757.976 GB free disk space

    cd correction/2-correction
    /Users/student/genome_assembly/canu-2.2/bin/filterCorrectionLayouts \
      -S  ../../ecoli.seqStore \
      -C     ../ecoli.corStore \
      -R      ./ecoli.readsToCorrect.WORKING \
      -cc 4 \
      -cl 1000 \
      -g  4800000 \
      -c  40 \
    > ./ecoli.readsToCorrect.err 2>&1

-- Finished on Mon Oct 17 17:04:43 2022 (in the blink of an eye) with 757.975 GB free disk space
----------------------------------------
--                             original      original
--                            raw reads     raw reads
--   category                w/overlaps  w/o/overlaps
--   -------------------- ------------- -------------
--   Number of Reads              12235           293
--   Number of Bases          114305490        295635
--   Coverage                    23.814         0.062
--   Median                        7732             0
--   Mean                          9342          1008
--   N50                          14243         11524
--   Minimum                       1000             0
--   Maximum                      42279         18568
--   
--                                        --------corrected---------  ----------rescued----------
--                             evidence                     expected                     expected
--   category                     reads            raw     corrected            raw     corrected
--   -------------------- -------------  ------------- -------------  ------------- -------------
--   Number of Reads              12273          11685         11685              0             0
--   Number of Bases          114263120      112085293     107957267              0             0
--   Coverage                    23.805         23.351        22.491          0.000         0.000
--   Median                        7701           8050          7712              0             0
--   Mean                          9310           9592          9238              0             0
--   N50                          14227          14335         14093              0             0
--   Minimum                       1000           1003            48              0             0
--   Maximum                      42279          41342         41175              0             0
--   
--                        --------uncorrected--------
--                                           expected
--   category                       raw     corrected
--   -------------------- ------------- -------------
--   Number of Reads                843           843
--   Number of Bases            2515832         42268
--   Coverage                     0.524         0.009
--   Median                        1579             0
--   Mean                          2984            50
--   N50                           7504             0
--   Minimum                          0             0
--   Maximum                      42279         42268
--   
--   Maximum Memory           919361756
-- Finished stage 'cor-filterCorrectionLayouts', reset canuIteration.
--
-- Correction jobs estimated to need at most 0.856 GB for computation.
-- Correction jobs will request 6 GB each.
--
-- Local: cor        6.000 GB    4 CPUs x   2 jobs    12.000 GB   8 CPUs  (read correction)
--
--
-- Configuring correction jobs:
--   Reads estimated to need at most 0.856 GB for computation.
--   Jobs will request 6 GB each.
----------------------------------------
-- Starting command on Mon Oct 17 17:04:43 2022 with 757.975 GB free disk space

    cd correction/2-correction
    ./correctReadsPartition.sh \
    > ./correctReadsPartition.err 2>&1

-- Finished on Mon Oct 17 17:04:44 2022 (one second) with 757.975 GB free disk space
----------------------------------------
-- Finished stage 'cor-generateCorrectedReadsConfigure', reset canuIteration.
--
-- Running jobs.  First attempt out of 2.
----------------------------------------
-- Starting 'cor' concurrent execution on Mon Oct 17 17:04:44 2022 with 757.975 GB free disk space (2 processes; 2 concurrently)

    cd correction/2-correction
    ./correctReads.sh 1 > ./correctReads.000001.out 2>&1
    ./correctReads.sh 2 > ./correctReads.000002.out 2>&1

-- Finished on Mon Oct 17 17:16:50 2022 (726 seconds) with 757.774 GB free disk space
----------------------------------------
-- Found 2 read correction output files.
-- Finished stage 'cor-generateCorrectedReadsCheck', reset canuIteration.
-- Found 2 read correction output files.
-- Finished stage 'cor-generateCorrectedReadsCheck', reset canuIteration.
--
-- Loading corrected reads into corStore and seqStore.
----------------------------------------
-- Starting command on Mon Oct 17 17:16:50 2022 with 757.774 GB free disk space

    cd correction
    /Users/student/genome_assembly/canu-2.2/bin/loadCorrectedReads \
      -S ../ecoli.seqStore \
      -C ./ecoli.corStore \
      -L ./2-correction/corjob.files \
    >  ./ecoli.loadCorrectedReads.log \
    2> ./ecoli.loadCorrectedReads.err

-- Finished on Mon Oct 17 17:16:51 2022 (one second) with 757.726 GB free disk space
----------------------------------------
--
-- In sequence store './ecoli.seqStore':
--   Found 10330 reads.
--   Found 91164215 bases (18.99 times coverage).
--    Histogram of corrected reads:
--    
--    G=91164215                         sum of  ||               length     num
--    NG         length     index       lengths  ||                range    seqs
--    ----- ------------ --------- ------------  ||  ------------------- -------
--    00010        21851       362      9119634  ||       1003-1777          888|--------------------------------------------------------------
--    00020        19161       812     18249391  ||       1778-2552          903|---------------------------------------------------------------
--    00030        17197      1314     27355037  ||       2553-3327          721|---------------------------------------------------
--    00040        15191      1878     36470980  ||       3328-4102          630|--------------------------------------------
--    00050        13227      2521     45585272  ||       4103-4877          509|------------------------------------
--    00060        11101      3272     54702419  ||       4878-5652          495|-----------------------------------
--    00070         9237      4170     63820235  ||       5653-6427          480|----------------------------------
--    00080         7154      5288     72934901  ||       6428-7202          447|--------------------------------
--    00090         4643      6845     82051179  ||       7203-7977          448|--------------------------------
--    00100         1003     10329     91164215  ||       7978-8752          398|----------------------------
--    001.000x               10330     91164215  ||       8753-9527          381|---------------------------
--                                               ||       9528-10302         390|----------------------------
--                                               ||      10303-11077         355|-------------------------
--                                               ||      11078-11852         307|----------------------
--                                               ||      11853-12627         249|------------------
--                                               ||      12628-13402         281|--------------------
--                                               ||      13403-14177         260|-------------------
--                                               ||      14178-14952         229|----------------
--                                               ||      14953-15727         242|-----------------
--                                               ||      15728-16502         217|----------------
--                                               ||      16503-17277         204|---------------
--                                               ||      17278-18052         222|----------------
--                                               ||      18053-18827         175|-------------
--                                               ||      18828-19602         201|---------------
--                                               ||      19603-20377         147|-----------
--                                               ||      20378-21152         111|--------
--                                               ||      21153-21927          84|------
--                                               ||      21928-22702          73|------
--                                               ||      22703-23477          56|----
--                                               ||      23478-24252          43|---
--                                               ||      24253-25027          43|---
--                                               ||      25028-25802          34|---
--                                               ||      25803-26577          26|--
--                                               ||      26578-27352          20|--
--                                               ||      27353-28127          13|-
--                                               ||      28128-28902           7|-
--                                               ||      28903-29677           7|-
--                                               ||      29678-30452           5|-
--                                               ||      30453-31227           8|-
--                                               ||      31228-32002           4|-
--                                               ||      32003-32777           4|-
--                                               ||      32778-33552           3|-
--                                               ||      33553-34327           3|-
--                                               ||      34328-35102           2|-
--                                               ||      35103-35877           0|
--                                               ||      35878-36652           3|-
--                                               ||      36653-37427           0|
--                                               ||      37428-38202           0|
--                                               ||      38203-38977           0|
--                                               ||      38978-39752           2|-
--    
--
-- Purging correctReads output after loading into stores.
-- Purged 2 .cns outputs.
-- Purged 4 .out job log outputs.
--
-- No corrected reads generated, overlaps used for correction saved.
-- Finished stage 'cor-loadCorrectedReads', reset canuIteration.
----------------------------------------
-- Starting command on Mon Oct 17 17:16:52 2022 with 757.927 GB free disk space

    cd .
    /Users/student/genome_assembly/canu-2.2/bin/sqStoreDumpFASTQ \
      -corrected \
      -S ./ecoli.seqStore \
      -o ./ecoli.correctedReads.gz \
      -fasta \
      -nolibname \
    > ecoli.correctedReads.fasta.err 2>&1

-- Finished on Mon Oct 17 17:16:53 2022 (one second) with 757.898 GB free disk space
----------------------------------------
--
-- Corrected reads saved in 'ecoli.correctedReads.fasta.gz'.
-- Finished stage 'cor-dumpCorrectedReads', reset canuIteration.
--
-- BEGIN TRIMMING
----------------------------------------
-- Starting command on Mon Oct 17 17:16:53 2022 with 757.898 GB free disk space

    cd trimming/0-mercounts
    ./meryl-configure.sh \
    > ./meryl-configure.err 2>&1

-- Finished on Mon Oct 17 17:16:53 2022 (fast as lightning) with 757.899 GB free disk space
----------------------------------------
--  segments   memory batches
--  -------- -------- -------
--        01  0.37 GB       2
--
--  For 10330 reads with 91164215 bases, limit to 1 batch.
--  Will count kmers using 01 jobs, each using 2 GB and 4 threads.
--
-- Finished stage 'merylConfigure', reset canuIteration.
--
-- Running jobs.  First attempt out of 2.
----------------------------------------
-- Starting 'meryl' concurrent execution on Mon Oct 17 17:16:53 2022 with 757.899 GB free disk space (1 processes; 2 concurrently)

    cd trimming/0-mercounts
    ./meryl-count.sh 1 > ./meryl-count.000001.out 2>&1

-- Finished on Mon Oct 17 17:16:59 2022 (6 seconds) with 757.827 GB free disk space
----------------------------------------
-- Found 1 Kmer counting (meryl) outputs.
-- Finished stage 'obt-merylCountCheck', reset canuIteration.
--
-- Running jobs.  First attempt out of 2.
----------------------------------------
-- Starting 'meryl' concurrent execution on Mon Oct 17 17:16:59 2022 with 757.827 GB free disk space (1 processes; 2 concurrently)

    cd trimming/0-mercounts
    ./meryl-process.sh 1 > ./meryl-process.000001.out 2>&1

-- Finished on Mon Oct 17 17:17:01 2022 (2 seconds) with 757.862 GB free disk space
----------------------------------------
-- Meryl finished successfully.  Kmer frequency histogram:
--
--  22-mers                                                                                           Fraction
--    Occurrences   NumMers                                                                         Unique Total
--       1-     1         0                                                                        0.0000 0.0000
--       2-     2    493962 ******************                                                     0.0899 0.0114
--       3-     4    308619 ***********                                                            0.1257 0.0182
--       5-     7    213487 *******                                                                0.1607 0.0279
--       8-    11    426123 ***************                                                        0.1988 0.0449
--      12-    16   1248828 **********************************************                         0.2930 0.1090
--      17-    22   1878168 ********************************************************************** 0.5505 0.3564
--      23-    29    814052 ******************************                                         0.8712 0.7674
--      30-    37     82053 ***                                                                    0.9840 0.9515
--      38-    46     10019                                                                        0.9947 0.9737
--      47-    56      5535                                                                        0.9964 0.9781
--      57-    67      3210                                                                        0.9972 0.9810
--      68-    79      1859                                                                        0.9978 0.9833
--      80-    92      2123                                                                        0.9981 0.9848
--      93-   106      2824                                                                        0.9985 0.9870
--     107-   121      1764                                                                        0.9991 0.9903
--     122-   137       966                                                                        0.9994 0.9925
--     138-   154       490                                                                        0.9995 0.9939
--     155-   172       741                                                                        0.9996 0.9948
--     173-   191       132                                                                        0.9998 0.9960
--     192-   211       156                                                                        0.9998 0.9963
--     212-   232       478                                                                        0.9998 0.9967
--     233-   254       319                                                                        0.9999 0.9980
--     255-   277       224                                                                        1.0000 0.9988
--     278-   301         4                                                                        1.0000 0.9995
--     302-   326         5                                                                        1.0000 0.9995
--     327-   352         2                                                                        1.0000 0.9995
--     353-   379         1                                                                        1.0000 0.9995
--     380-   407         2                                                                        1.0000 0.9995
--     408-   436         0                                                                        0.0000 0.0000
--     437-   466         6                                                                        1.0000 0.9995
--     467-   497         1                                                                        1.0000 0.9995
--     498-   529         2                                                                        1.0000 0.9995
--     530-   562         4                                                                        1.0000 0.9996
--     563-   596         1                                                                        1.0000 0.9996
--     597-   631         0                                                                        0.0000 0.0000
--     632-   667         4                                                                        1.0000 0.9996
--     668-   704         0                                                                        0.0000 0.0000
--     705-   742         3                                                                        1.0000 0.9996
--     743-   781         3                                                                        1.0000 0.9996
--     782-   821         1                                                                        1.0000 0.9997
--
--           0 (max occurrences)
--    86929104 (total mers, non-unique)
--     5496198 (distinct mers, non-unique)
--           0 (unique mers)
-- Finished stage 'meryl-process', reset canuIteration.
--
-- Removing meryl database 'trimming/0-mercounts/ecoli.ms22'.
--
-- OVERLAPPER (normal) (trimming) erate=0.045
--
----------------------------------------
-- Starting command on Mon Oct 17 17:17:01 2022 with 757.899 GB free disk space

    cd trimming/1-overlapper
    /Users/student/genome_assembly/canu-2.2/bin/overlapInCorePartition \
     -S  ../../ecoli.seqStore \
     -hl 80000000 \
     -rl 1000000000 \
     -ol 500 \
     -o  ./ecoli.partition \
    > ./ecoli.partition.err 2>&1

-- Finished on Mon Oct 17 17:17:01 2022 (fast as lightning) with 757.899 GB free disk space
----------------------------------------
--
-- Configured 2 overlapInCore jobs.
-- Finished stage 'obt-overlapConfigure', reset canuIteration.
--
-- Running jobs.  First attempt out of 2.
----------------------------------------
-- Starting 'obtovl' concurrent execution on Mon Oct 17 17:17:01 2022 with 757.899 GB free disk space (2 processes; 1 concurrently)

    cd trimming/1-overlapper
    ./overlap.sh 1 > ./overlap.000001.out 2>&1
    ./overlap.sh 2 > ./overlap.000002.out 2>&1

-- Finished on Mon Oct 17 17:17:55 2022 (54 seconds) with 757.892 GB free disk space
----------------------------------------
-- Found 2 overlapInCore output files.
--
-- overlapInCore compute 'trimming/1-overlapper':
--   kmer hits
--     with no overlap           589596      294798 +- 222868.743
--     with an overlap           269472      134736 +- 100090.964
--
--   overlaps                    269442      134721 +- 100078.236
--     contained                      0           0 +- 0
--     dovetail                       0           0 +- 0
--
--   overlaps rejected
--     multiple per pair              0           0 +- 0
--     bad short window               0           0 +- 0
--     bad long window                0           0 +- 0
-- Finished stage 'obt-overlapCheck', reset canuIteration.
----------------------------------------
-- Starting command on Mon Oct 17 17:17:55 2022 with 757.892 GB free disk space

    cd trimming
    /Users/student/genome_assembly/canu-2.2/bin/ovStoreConfig \
     -S ../ecoli.seqStore \
     -M 3 \
     -L ./1-overlapper/ovljob.files \
     -create ./ecoli.ovlStore.config \
     > ./ecoli.ovlStore.config.txt \
    2> ./ecoli.ovlStore.config.err

-- Finished on Mon Oct 17 17:17:55 2022 (furiously fast) with 757.892 GB free disk space
----------------------------------------
--
-- Creating overlap store trimming/ecoli.ovlStore using:
--      2 buckets
--      2 slices
--        using at most 1 GB memory each
-- Finished stage 'obt-overlapStoreConfigure', reset canuIteration.
--
-- Running jobs.  First attempt out of 2.
----------------------------------------
-- Starting 'ovB' concurrent execution on Mon Oct 17 17:17:55 2022 with 757.892 GB free disk space (2 processes; 4 concurrently)

    cd trimming/ecoli.ovlStore.BUILDING
    ./scripts/1-bucketize.sh 1 > ./logs/1-bucketize.000001.out 2>&1
    ./scripts/1-bucketize.sh 2 > ./logs/1-bucketize.000002.out 2>&1

-- Finished on Mon Oct 17 17:17:56 2022 (one second) with 757.882 GB free disk space
----------------------------------------
-- Overlap store bucketizer finished.
-- Finished stage 'obt-overlapStoreBucketizerCheck', reset canuIteration.
--
-- Running jobs.  First attempt out of 2.
----------------------------------------
-- Starting 'ovS' concurrent execution on Mon Oct 17 17:17:56 2022 with 757.882 GB free disk space (2 processes; 2 concurrently)

    cd trimming/ecoli.ovlStore.BUILDING
    ./scripts/2-sort.sh 1 > ./logs/2-sort.000001.out 2>&1
    ./scripts/2-sort.sh 2 > ./logs/2-sort.000002.out 2>&1

-- Finished on Mon Oct 17 17:17:56 2022 (fast as lightning) with 757.88 GB free disk space
----------------------------------------
-- Overlap store sorter finished.
-- Finished stage 'obt-overlapStoreSorterCheck', reset canuIteration.
----------------------------------------
-- Starting command on Mon Oct 17 17:17:56 2022 with 757.88 GB free disk space

    cd trimming
    /Users/student/genome_assembly/canu-2.2/bin/ovStoreIndexer \
      -O  ./ecoli.ovlStore.BUILDING \
      -S ../ecoli.seqStore \
      -C  ./ecoli.ovlStore.config \
      -delete \
    > ./ecoli.ovlStore.BUILDING.index.err 2>&1

-- Finished on Mon Oct 17 17:17:56 2022 (like a bat out of hell) with 757.881 GB free disk space
----------------------------------------
-- Overlap store indexer finished.
-- Checking store.
----------------------------------------
-- Starting command on Mon Oct 17 17:17:56 2022 with 757.881 GB free disk space

    cd trimming
    /Users/student/genome_assembly/canu-2.2/bin/ovStoreDump \
     -S ../ecoli.seqStore \
     -O  ./ecoli.ovlStore \
     -counts \
     > ./ecoli.ovlStore/counts.dat 2> ./ecoli.ovlStore/counts.err

-- Finished on Mon Oct 17 17:17:56 2022 (furiously fast) with 757.88 GB free disk space
----------------------------------------
--
-- Overlap store 'trimming/ecoli.ovlStore' successfully constructed.
-- Found 538944 overlaps for 10326 reads; 2202 reads have no overlaps.
--
--
-- Purged 0.005 GB in 6 overlap output files.
-- Finished stage 'obt-createOverlapStore', reset canuIteration.
----------------------------------------
-- Starting command on Mon Oct 17 17:17:56 2022 with 757.887 GB free disk space

    cd trimming/3-overlapbasedtrimming
    /Users/student/genome_assembly/canu-2.2/bin/trimReads \
      -S  ../../ecoli.seqStore \
      -O  ../ecoli.ovlStore \
      -Co ./ecoli.1.trimReads.clear \
      -e  0.045 \
      -minlength 1000 \
      -ol 500 \
      -oc 2 \
      -o  ./ecoli.1.trimReads \
    >     ./ecoli.1.trimReads.err 2>&1

-- Finished on Mon Oct 17 17:17:57 2022 (one second) with 757.886 GB free disk space
----------------------------------------
--  PARAMETERS:
--  ----------
--     1000    (reads trimmed below this many bases are deleted)
--   0.0450    (use overlaps at or below this fraction error)
--      500    (break region if overlap is less than this long, for 'largest covered' algorithm)
--        2    (break region if overlap coverage is less than this many reads, for 'largest covered' algorithm)
--  
--  INPUT READS:
--  -----------
--   12528 reads     91164215 bases (reads processed)
--       0 reads            0 bases (reads not processed, previously deleted)
--       0 reads            0 bases (reads not processed, in a library where trimming isn't allowed)
--  
--  OUTPUT READS:
--  ------------
--    6140 reads     55456098 bases (trimmed reads output)
--    4082 reads     33446470 bases (reads with no change, kept as is)
--    2202 reads         4524 bases (reads with no overlaps, deleted)
--     104 reads       177982 bases (reads with short trimmed length, deleted)
--  
--  TRIMMING DETAILS:
--  ----------------
--    4470 reads      1140968 bases (bases trimmed from the 5' end of a read)
--    3131 reads       938173 bases (bases trimmed from the 3' end of a read)
-- Finished stage 'obt-trimReads', reset canuIteration.
----------------------------------------
-- Starting command on Mon Oct 17 17:17:57 2022 with 757.886 GB free disk space

    cd trimming/3-overlapbasedtrimming
    /Users/student/genome_assembly/canu-2.2/bin/splitReads \
      -S  ../../ecoli.seqStore \
      -O  ../ecoli.ovlStore \
      -Ci ./ecoli.1.trimReads.clear \
      -Co ./ecoli.2.splitReads.clear \
      -e  0.045 \
      -minlength 1000 \
      -o  ./ecoli.2.splitReads \
    >     ./ecoli.2.splitReads.err 2>&1

-- Finished on Mon Oct 17 17:17:58 2022 (one second) with 757.886 GB free disk space
----------------------------------------
--  PARAMETERS:
--  ----------
--     1000    (reads trimmed below this many bases are deleted)
--   0.0450    (use overlaps at or below this fraction error)
--  INPUT READS:
--  -----------
--   10222 reads     90981709 bases (reads processed)
--    2306 reads       182506 bases (reads not processed, previously deleted)
--       0 reads            0 bases (reads not processed, in a library where trimming isn't allowed)
--  
--  PROCESSED:
--  --------
--       0 reads            0 bases (no overlaps)
--       0 reads            0 bases (no coverage after adjusting for trimming done already)
--       0 reads            0 bases (processed for chimera)
--       0 reads            0 bases (processed for spur)
--   10222 reads     90981709 bases (processed for subreads)
--  
--  READS WITH SIGNALS:
--  ------------------
--       0 reads            0 signals (number of 5' spur signal)
--       0 reads            0 signals (number of 3' spur signal)
--       0 reads            0 signals (number of chimera signal)
--       1 reads            1 signals (number of subread signal)
--  
--  SIGNALS:
--  -------
--       0 reads            0 bases (size of 5' spur signal)
--       0 reads            0 bases (size of 3' spur signal)
--       0 reads            0 bases (size of chimera signal)
--       1 reads          278 bases (size of subread signal)
--  
--  TRIMMING:
--  --------
--       1 reads         1634 bases (trimmed from the 5' end of the read)
--       0 reads            0 bases (trimmed from the 3' end of the read)
-- Finished stage 'obt-splitReads', reset canuIteration.
----------------------------------------
-- Starting command on Mon Oct 17 17:17:58 2022 with 757.886 GB free disk space

    cd trimming/3-overlapbasedtrimming
    /Users/student/genome_assembly/canu-2.2/bin/loadTrimmedReads \
      -S ../../ecoli.seqStore \
      -c ./ecoli.2.splitReads.clear \
    > ./ecoli.loadTrimmedReads.err 2>&1

-- Finished on Mon Oct 17 17:17:58 2022 (fast as lightning) with 757.884 GB free disk space
----------------------------------------
--
-- In sequence store './ecoli.seqStore':
--   Found 10222 reads.
--   Found 88900934 bases (18.52 times coverage).
--    Histogram of corrected-trimmed reads:
--    
--    G=88900934                         sum of  ||               length     num
--    NG         length     index       lengths  ||                range    seqs
--    ----- ------------ --------- ------------  ||  ------------------- -------
--    00010        21670       357      8910659  ||       1000-1774          914|---------------------------------------------------------------
--    00020        19049       798     17794436  ||       1775-2549          924|---------------------------------------------------------------
--    00030        17090      1292     26687177  ||       2550-3324          725|--------------------------------------------------
--    00040        15090      1845     35560410  ||       3325-4099          610|------------------------------------------
--    00050        13126      2477     44454551  ||       4100-4874          535|-------------------------------------
--    00060        11032      3216     53349660  ||       4875-5649          493|----------------------------------
--    00070         9086      4101     62238576  ||       5650-6424          458|--------------------------------
--    00080         7048      5208     71124238  ||       6425-7199          438|------------------------------
--    00090         4532      6755     80011052  ||       7200-7974          460|--------------------------------
--    00100         1000     10221     88900934  ||       7975-8749          394|---------------------------
--    001.000x               10222     88900934  ||       8750-9524          374|--------------------------
--                                               ||       9525-10299         355|-------------------------
--                                               ||      10300-11074         346|------------------------
--                                               ||      11075-11849         302|---------------------
--                                               ||      11850-12624         257|------------------
--                                               ||      12625-13399         266|-------------------
--                                               ||      13400-14174         246|-----------------
--                                               ||      14175-14949         230|----------------
--                                               ||      14950-15724         240|-----------------
--                                               ||      15725-16499         209|---------------
--                                               ||      16500-17274         205|--------------
--                                               ||      17275-18049         226|----------------
--                                               ||      18050-18824         164|------------
--                                               ||      18825-19599         197|--------------
--                                               ||      19600-20374         133|----------
--                                               ||      20375-21149         110|--------
--                                               ||      21150-21924          77|------
--                                               ||      21925-22699          68|-----
--                                               ||      22700-23474          57|----
--                                               ||      23475-24249          44|---
--                                               ||      24250-25024          35|---
--                                               ||      25025-25799          29|--
--                                               ||      25800-26574          27|--
--                                               ||      26575-27349          21|--
--                                               ||      27350-28124           9|-
--                                               ||      28125-28899           7|-
--                                               ||      28900-29674           8|-
--                                               ||      29675-30449           3|-
--                                               ||      30450-31224           8|-
--                                               ||      31225-31999           2|-
--                                               ||      32000-32774           5|-
--                                               ||      32775-33549           2|-
--                                               ||      33550-34324           3|-
--                                               ||      34325-35099           3|-
--                                               ||      35100-35874           0|
--                                               ||      35875-36649           1|-
--                                               ||      36650-37424           0|
--                                               ||      37425-38199           0|
--                                               ||      38200-38974           1|-
--                                               ||      38975-39749           1|-
--    
--
-- No trimmed reads generated, overlaps used for trimming saved.
-- Finished stage 'obt-dumpReads', reset canuIteration.
----------------------------------------
-- Starting command on Mon Oct 17 17:17:58 2022 with 757.885 GB free disk space

    cd .
    /Users/student/genome_assembly/canu-2.2/bin/sqStoreDumpFASTQ \
      -trimmed \
      -S ./ecoli.seqStore \
      -o ./ecoli.trimmedReads.gz \
      -fasta \
      -trimmed -normal -nolibname \
    > ./ecoli.trimmedReads.fasta.err 2>&1

-- Finished on Mon Oct 17 17:17:59 2022 (one second) with 757.856 GB free disk space
----------------------------------------
--
-- Trimmed reads saved in 'ecoli.trimmedReads.fasta.gz'.
-- Finished stage 'cor-dumpTrimmedReads', reset canuIteration.
--
-- BEGIN ASSEMBLY
----------------------------------------
-- Starting command on Mon Oct 17 17:17:59 2022 with 757.856 GB free disk space

    cd unitigging/0-mercounts
    ./meryl-configure.sh \
    > ./meryl-configure.err 2>&1

-- Finished on Mon Oct 17 17:18:00 2022 (one second) with 757.856 GB free disk space
----------------------------------------
--  segments   memory batches
--  -------- -------- -------
--        01  0.36 GB       2
--
--  For 10222 reads with 88900934 bases, limit to 1 batch.
--  Will count kmers using 01 jobs, each using 2 GB and 4 threads.
--
-- Finished stage 'merylConfigure', reset canuIteration.
--
-- Running jobs.  First attempt out of 2.
----------------------------------------
-- Starting 'meryl' concurrent execution on Mon Oct 17 17:18:00 2022 with 757.856 GB free disk space (1 processes; 2 concurrently)

    cd unitigging/0-mercounts
    ./meryl-count.sh 1 > ./meryl-count.000001.out 2>&1

-- Finished on Mon Oct 17 17:18:06 2022 (6 seconds) with 757.791 GB free disk space
----------------------------------------
-- Found 1 Kmer counting (meryl) outputs.
-- Finished stage 'utg-merylCountCheck', reset canuIteration.
--
-- Running jobs.  First attempt out of 2.
----------------------------------------
-- Starting 'meryl' concurrent execution on Mon Oct 17 17:18:06 2022 with 757.791 GB free disk space (1 processes; 2 concurrently)

    cd unitigging/0-mercounts
    ./meryl-process.sh 1 > ./meryl-process.000001.out 2>&1

-- Finished on Mon Oct 17 17:18:07 2022 (one second) with 757.819 GB free disk space
----------------------------------------
-- Meryl finished successfully.  Kmer frequency histogram:
--
--  22-mers                                                                                           Fraction
--    Occurrences   NumMers                                                                         Unique Total
--       1-     1         0                                                                        0.0000 0.0000
--       2-     2    464204 *****************                                                      0.0853 0.0109
--       3-     4    300744 ***********                                                            0.1202 0.0176
--       5-     7    225812 ********                                                               0.1556 0.0276
--       8-    11    455481 *****************                                                      0.1972 0.0464
--      12-    16   1299121 ************************************************                       0.2987 0.1161
--      17-    22   1856950 ********************************************************************** 0.5678 0.3776
--      23-    29    739149 ***************************                                            0.8829 0.7853
--      30-    37     74012 **                                                                     0.9852 0.9539
--      38-    46      9411                                                                        0.9948 0.9742
--      47-    56      5218                                                                        0.9965 0.9787
--      57-    67      3152                                                                        0.9973 0.9814
--      68-    79      1868                                                                        0.9978 0.9836
--      80-    92      2275                                                                        0.9982 0.9852
--      93-   106      3145                                                                        0.9986 0.9876
--     107-   121      1395                                                                        0.9992 0.9912
--     122-   137       651                                                                        0.9994 0.9930
--     138-   154       758                                                                        0.9995 0.9940
--     155-   172       452                                                                        0.9997 0.9953
--     173-   191       158                                                                        0.9998 0.9961
--     192-   211       193                                                                        0.9998 0.9964
--     212-   232       566                                                                        0.9998 0.9969
--     233-   254       309                                                                        0.9999 0.9984
--     255-   277        66                                                                        1.0000 0.9993
--     278-   301         4                                                                        1.0000 0.9995
--     302-   326         5                                                                        1.0000 0.9995
--     327-   352         1                                                                        1.0000 0.9995
--     353-   379         2                                                                        1.0000 0.9995
--     380-   407         1                                                                        1.0000 0.9995
--     408-   436         2                                                                        1.0000 0.9995
--     437-   466         4                                                                        1.0000 0.9995
--     467-   497         1                                                                        1.0000 0.9995
--     498-   529         5                                                                        1.0000 0.9995
--     530-   562         1                                                                        1.0000 0.9996
--     563-   596         1                                                                        1.0000 0.9996
--     597-   631         0                                                                        0.0000 0.0000
--     632-   667         4                                                                        1.0000 0.9996
--     668-   704         1                                                                        1.0000 0.9996
--     705-   742         2                                                                        1.0000 0.9996
--     743-   781         4                                                                        1.0000 0.9996
--
--           0 (max occurrences)
--    85128767 (total mers, non-unique)
--     5445155 (distinct mers, non-unique)
--           0 (unique mers)
-- Finished stage 'meryl-process', reset canuIteration.
--
-- Removing meryl database 'unitigging/0-mercounts/ecoli.ms22'.
--
-- OVERLAPPER (normal) (assembly) erate=0.045
--
----------------------------------------
-- Starting command on Mon Oct 17 17:18:07 2022 with 757.855 GB free disk space

    cd unitigging/1-overlapper
    /Users/student/genome_assembly/canu-2.2/bin/overlapInCorePartition \
     -S  ../../ecoli.seqStore \
     -hl 80000000 \
     -rl 1000000000 \
     -ol 500 \
     -o  ./ecoli.partition \
    > ./ecoli.partition.err 2>&1

-- Finished on Mon Oct 17 17:18:07 2022 (lickety-split) with 757.855 GB free disk space
----------------------------------------
--
-- Configured 2 overlapInCore jobs.
-- Finished stage 'utg-overlapConfigure', reset canuIteration.
--
-- Running jobs.  First attempt out of 2.
----------------------------------------
-- Starting 'utgovl' concurrent execution on Mon Oct 17 17:18:07 2022 with 757.855 GB free disk space (2 processes; 1 concurrently)

    cd unitigging/1-overlapper
    ./overlap.sh 1 > ./overlap.000001.out 2>&1
    ./overlap.sh 2 > ./overlap.000002.out 2>&1

-- Finished on Mon Oct 17 17:19:11 2022 (64 seconds) with 757.634 GB free disk space
----------------------------------------
-- Found 2 overlapInCore output files.
--
-- overlapInCore compute 'unitigging/1-overlapper':
--   kmer hits
--     with no overlap           630730      315365 +- 269479.808
--     with an overlap           188915     94457.5 +- 83116.866
--
--   overlaps                    188915     94457.5 +- 83116.866
--     contained                  81950       40975 +- 36447.111
--     dovetail                  106965     53482.5 +- 46669.754
--
--   overlaps rejected
--     multiple per pair              0           0 +- 0
--     bad short window               0           0 +- 0
--     bad long window                0           0 +- 0
-- Finished stage 'utg-overlapCheck', reset canuIteration.
----------------------------------------
-- Starting command on Mon Oct 17 17:19:11 2022 with 757.634 GB free disk space

    cd unitigging
    /Users/student/genome_assembly/canu-2.2/bin/ovStoreConfig \
     -S ../ecoli.seqStore \
     -M 3 \
     -L ./1-overlapper/ovljob.files \
     -create ./ecoli.ovlStore.config \
     > ./ecoli.ovlStore.config.txt \
    2> ./ecoli.ovlStore.config.err

-- Finished on Mon Oct 17 17:19:11 2022 (lickety-split) with 757.634 GB free disk space
----------------------------------------
--
-- Creating overlap store unitigging/ecoli.ovlStore using:
--      2 buckets
--      2 slices
--        using at most 1 GB memory each
-- Finished stage 'utg-overlapStoreConfigure', reset canuIteration.
--
-- Running jobs.  First attempt out of 2.
----------------------------------------
-- Starting 'ovB' concurrent execution on Mon Oct 17 17:19:11 2022 with 757.634 GB free disk space (2 processes; 4 concurrently)

    cd unitigging/ecoli.ovlStore.BUILDING
    ./scripts/1-bucketize.sh 1 > ./logs/1-bucketize.000001.out 2>&1
    ./scripts/1-bucketize.sh 2 > ./logs/1-bucketize.000002.out 2>&1

-- Finished on Mon Oct 17 17:19:11 2022 (fast as lightning) with 757.628 GB free disk space
----------------------------------------
-- Overlap store bucketizer finished.
-- Finished stage 'utg-overlapStoreBucketizerCheck', reset canuIteration.
--
-- Running jobs.  First attempt out of 2.
----------------------------------------
-- Starting 'ovS' concurrent execution on Mon Oct 17 17:19:11 2022 with 757.628 GB free disk space (2 processes; 2 concurrently)

    cd unitigging/ecoli.ovlStore.BUILDING
    ./scripts/2-sort.sh 1 > ./logs/2-sort.000001.out 2>&1
    ./scripts/2-sort.sh 2 > ./logs/2-sort.000002.out 2>&1

-- Finished on Mon Oct 17 17:19:12 2022 (one second) with 757.626 GB free disk space
----------------------------------------
-- Overlap store sorter finished.
-- Finished stage 'utg-overlapStoreSorterCheck', reset canuIteration.
----------------------------------------
-- Starting command on Mon Oct 17 17:19:12 2022 with 757.626 GB free disk space

    cd unitigging
    /Users/student/genome_assembly/canu-2.2/bin/ovStoreIndexer \
      -O  ./ecoli.ovlStore.BUILDING \
      -S ../ecoli.seqStore \
      -C  ./ecoli.ovlStore.config \
      -delete \
    > ./ecoli.ovlStore.BUILDING.index.err 2>&1

-- Finished on Mon Oct 17 17:19:12 2022 (like a bat out of hell) with 757.626 GB free disk space
----------------------------------------
-- Overlap store indexer finished.
-- Checking store.
----------------------------------------
-- Starting command on Mon Oct 17 17:19:12 2022 with 757.626 GB free disk space

    cd unitigging
    /Users/student/genome_assembly/canu-2.2/bin/ovStoreDump \
     -S ../ecoli.seqStore \
     -O  ./ecoli.ovlStore \
     -counts \
     > ./ecoli.ovlStore/counts.dat 2> ./ecoli.ovlStore/counts.err

-- Finished on Mon Oct 17 17:19:12 2022 (like a bat out of hell) with 757.626 GB free disk space
----------------------------------------
--
-- Overlap store 'unitigging/ecoli.ovlStore' successfully constructed.
-- Found 377830 overlaps for 10222 reads; 2306 reads have no overlaps.
--
--
-- Purged 0.003 GB in 6 overlap output files.
----------------------------------------
-- Starting command on Mon Oct 17 17:19:12 2022 with 757.63 GB free disk space

    cd unitigging
    /Users/student/genome_assembly/canu-2.2/bin/ovStoreStats \
     -C 18.52 \
     -S ../ecoli.seqStore \
     -O  ./ecoli.ovlStore \
     -o  ./ecoli.ovlStore \
     > ./ecoli.ovlStore.summary.err 2>&1

-- Finished on Mon Oct 17 17:19:12 2022 (furiously fast) with 757.63 GB free disk space
----------------------------------------
--
-- Overlap store 'unitigging/ecoli.ovlStore' contains:
--
--   category            reads     %          read length        feature size or coverage  analysis
--   ----------------  -------  -------  ----------------------  ------------------------  --------------------
--   middle-missing          0    0.00        0.00 +- 0.00             0.00 +- 0.00       (bad trimming)
--   middle-hump             0    0.00        0.00 +- 0.00             0.00 +- 0.00       (bad trimming)
--   no-5-prime              0    0.00        0.00 +- 0.00             0.00 +- 0.00       (bad trimming)
--   no-3-prime              2    0.02    12902.00 +- 7700.39         77.00 +- 9.90       (bad trimming)
--   
--   low-coverage            2    0.02     3037.00 +- 295.57           5.57 +- 0.50       (easy to assemble, potential for lower quality consensus)
--   unique               9036   88.40     8340.63 +- 6133.26         18.77 +- 4.17       (easy to assemble, perfect, yay)
--   repeat-cont            47    0.46     1955.91 +- 1117.28         57.44 +- 35.11      (potential for consensus errors, no impact on assembly)
--   repeat-dove             0    0.00        0.00 +- 0.00             0.00 +- 0.00       (hard to assemble, likely won't assemble correctly or even at all)
--   
--   span-repeat           801    7.84    12769.37 +- 6745.22       2322.55 +- 2775.81    (read spans a large repeat, usually easy to assemble)
--   uniq-repeat-cont      294    2.88     8335.85 +- 5190.47                             (should be uniquely placed, low potential for consensus errors, no impact on assembly)
--   uniq-repeat-dove       36    0.35    19755.25 +- 4054.53                             (will end contigs, potential to misassemble)
--   uniq-anchor             4    0.04     5243.75 +- 2268.18       2213.50 +- 2800.50    (repeat read, with unique section, probable bad read)
-- Finished stage 'utg-createOverlapStore', reset canuIteration.
--
-- Loading read lengths.
-- Loading number of overlaps per read.
--
-- Configure RED for 8gb memory.
--                   Batches of at most (unlimited) reads.
--                                      500000000 bases.
--                   Expecting evidence of at most 536870912 bases per iteration.
--
--           Total                                               Reads                 Olaps Evidence
--    Job   Memory      Read Range         Reads        Bases   Memory        Olaps   Memory   Memory  (Memory in MB)
--   ---- -------- ------------------- --------- ------------ -------- ------------ -------- --------
--      1  8192.49         1-6014           4919     41928934  5118.43       179645     2.06  1024.00
--      2  8192.87      6015-11796          4798     41932442  5118.86       175891     2.01  1024.00
--      3  3709.73     11797-12528           613      5222064   637.48        22294     0.26  1024.00
--   ---- -------- ------------------- --------- ------------ -------- ------------ -------- --------
--                                                   89083440                377830
-- Finished stage 'readErrorDetectionConfigure', reset canuIteration.
--
-- Running jobs.  First attempt out of 2.
----------------------------------------
-- Starting 'red' concurrent execution on Mon Oct 17 17:19:12 2022 with 757.63 GB free disk space (3 processes; 2 concurrently)

    cd unitigging/3-overlapErrorAdjustment
    ./red.sh 1 > ./red.000001.out 2>&1
    ./red.sh 2 > ./red.000002.out 2>&1
    ./red.sh 3 > ./red.000003.out 2>&1

-- Finished on Mon Oct 17 17:19:27 2022 (15 seconds) with 757.627 GB free disk space
----------------------------------------
-- Found 3 read error detection output files.
-- Finished stage 'readErrorDetectionCheck', reset canuIteration.
--
-- Loading read lengths.
-- Loading number of overlaps per read.
--
-- Configure OEA for 8gb memory.
--                   Batches of at most (unlimited) reads.
--                                      300000000 bases.
--
--           Total                                               Reads                 Olaps  Adjusts
--    Job   Memory      Read Range         Reads        Bases   Memory        Olaps   Memory   Memory  (Memory in MB)
--   ---- -------- ------------------- --------- ------------ -------- ------------ -------- --------
--      1  2478.91         1-12528         10330     89083440    93.27       377830    11.53   326.11
--   ---- -------- ------------------- --------- ------------ -------- ------------ -------- --------
--                                                   89083440                377830
-- Finished stage 'overlapErrorAdjustmentConfigure', reset canuIteration.
--
-- Running jobs.  First attempt out of 2.
----------------------------------------
-- Starting 'oea' concurrent execution on Mon Oct 17 17:19:27 2022 with 757.627 GB free disk space (1 processes; 2 concurrently)

    cd unitigging/3-overlapErrorAdjustment
    ./oea.sh 1 > ./oea.000001.out 2>&1

-- Finished on Mon Oct 17 17:19:31 2022 (4 seconds) with 757.627 GB free disk space
----------------------------------------
-- Found 1 overlap error adjustment output files.
-- Finished stage 'overlapErrorAdjustmentCheck', reset canuIteration.
----------------------------------------
-- Starting command on Mon Oct 17 17:19:31 2022 with 757.627 GB free disk space

    cd unitigging/3-overlapErrorAdjustment
    /Users/student/genome_assembly/canu-2.2/bin/loadErates \
      -S ../../ecoli.seqStore \
      -O ../ecoli.ovlStore \
      -L ./oea.files \
    > ./oea.apply.err 2>&1

-- Finished on Mon Oct 17 17:19:31 2022 (like a bat out of hell) with 757.626 GB free disk space
----------------------------------------
-- No report available.
-- Finished stage 'updateOverlapStore', reset canuIteration.
-- Finished stage 'unitig', reset canuIteration.
--
-- Running jobs.  First attempt out of 2.
----------------------------------------
-- Starting 'bat' concurrent execution on Mon Oct 17 17:19:31 2022 with 757.626 GB free disk space (1 processes; 1 concurrently)

    cd unitigging/4-unitigger
    ./unitigger.sh 1 > ./unitigger.000001.out 2>&1

-- Finished on Mon Oct 17 17:19:33 2022 (2 seconds) with 757.624 GB free disk space
----------------------------------------
-- Unitigger finished successfully.
--  
--  ERROR RATES
--  -----------
--                                                   --------threshold------
--  11309                        fraction error      fraction        percent
--  samples                              (1e-5)         error          error
--                   --------------------------      --------       --------
--  command line (-eg)                           ->   4500.00        4.5000%
--  command line (-ef)                           ->  -----.--      ---.----%
--  command line (-eM)                           ->   4500.00        4.5000%
--  mean + std.dev     107.35 +-  12 *   108.29  ->   1406.84        1.4068%
--  median + mad        86.00 +-  12 *    86.00  ->   1616.04        1.6160%  (enabled)
--  90th percentile                              ->    255.00        0.2550%
--  
--  BEST EDGE FILTERING
--  -------------------
--  At graph threshold 4.5000%, reads:
--    available to have edges:         1089
--    with at least one edge:          1088
--  
--  At max threshold 4.5000%, reads:  (not computed)
--    available to have edges:            0
--    with at least one edge:             0
--  
--  At tight threshold 1.6160%, reads with:
--    both edges below error threshold:      1088  (80.00% minReadsBest threshold = 870)
--    one  edge  above error threshold:         0
--    both edges above error threshold:         0
--    at least one edge:                     1088
--  
--  At loose threshold 1.4068%, reads with:
--    both edges below error threshold:      1088  (80.00% minReadsBest threshold = 870)
--    one  edge  above error threshold:         0
--    both edges above error threshold:         0
--    at least one edge:                     1088
--  
--  
--  INITIAL EDGES
--  -------- ----------------------------------------
--      9132 reads are contained
--      2308 reads have no best edges (singleton)
--         0 reads have only one best edge (spur) 
--                  0 are mutual best
--      1088 reads have two best edges 
--                  0 have one mutual best edge
--               1088 have two mutual best edges
--  
--  
--  FINAL EDGES
--  -------- ----------------------------------------
--      9132 reads are contained
--      2308 reads have no best edges (singleton)
--         0 reads have only one best edge (spur) 
--                  0 are mutual best
--      1088 reads have two best edges 
--                  0 have one mutual best edge
--               1088 have two mutual best edges
--  
--  
--  EDGE FILTERING
--  -------- ------------------------------------------
--         0 reads are ignored
--         2 reads have a gap in overlap coverage
--         0 reads have lopsided best edges
-- Found, in version 1, after unitig construction:
--   contigs:      1 sequences, total length 4680909 bp (including 0 repeats of total length 0 bp).
--   bubbles:      0 sequences, total length 0 bp.
--   unassembled:  2 sequences, total length 25804 bp.
--
-- Contig sizes based on genome size 4.8mbp:
--
--            NG (bp)  LG (contigs)    sum (bp)
--         ----------  ------------  ----------
--     10     4680909             1     4680909
--     20     4680909             1     4680909
--     30     4680909             1     4680909
--     40     4680909             1     4680909
--     50     4680909             1     4680909
--     60     4680909             1     4680909
--     70     4680909             1     4680909
--     80     4680909             1     4680909
--     90     4680909             1     4680909
--
-- Finished stage 'unitigCheck', reset canuIteration.
----------------------------------------
-- Starting command on Mon Oct 17 17:19:33 2022 with 757.624 GB free disk space

    cd unitigging
    /Users/student/genome_assembly/canu-2.2/bin/utgcns \
      -S ../ecoli.seqStore \
      -T  ./ecoli.ctgStore 1 \
      -partition 0.8 1 0.1 \
    > ./ecoli.ctgStore/partitioning.log 2>&1

-- Finished on Mon Oct 17 17:19:33 2022 (furiously fast) with 757.577 GB free disk space
----------------------------------------
-- Using slow alignment for consensus (iteration '0').
-- Configured 2 consensus jobs.
-- Finished stage 'consensusConfigure', reset canuIteration.
--
-- Local: cns        5.000 GB    4 CPUs x   2 jobs    10.000 GB   8 CPUs  (consensus)
--
--
-- Running jobs.  First attempt out of 2.
----------------------------------------
-- Starting 'cns' concurrent execution on Mon Oct 17 17:19:33 2022 with 757.577 GB free disk space (2 processes; 2 concurrently)

    cd unitigging/5-consensus
    ./consensus.sh 1 > ./consensus.000001.out 2>&1
    ./consensus.sh 2 > ./consensus.000002.out 2>&1

-- Finished on Mon Oct 17 17:20:42 2022 (69 seconds) with 757.566 GB free disk space
----------------------------------------
-- Using slow alignment for consensus (iteration '1').
-- Configured 2 consensus jobs.
-- All 2 consensus jobs finished successfully.
-- Finished stage 'consensusCheck', reset canuIteration.
-- Using slow alignment for consensus (iteration '0').
-- Configured 2 consensus jobs.
----------------------------------------
-- Starting command on Mon Oct 17 17:20:42 2022 with 757.566 GB free disk space

    cd unitigging
    /Users/student/genome_assembly/canu-2.2/bin/tgStoreLoad \
      -S ../ecoli.seqStore \
      -T  ./ecoli.ctgStore 2 \
      -L ./5-consensus/ctgcns.files \
    > ./5-consensus/ctgcns.files.ctgStoreLoad.err 2>&1

-- Finished on Mon Oct 17 17:20:42 2022 (like a bat out of hell) with 757.557 GB free disk space
----------------------------------------
-- Purging consensus output after loading to ctgStore.
-- Purged 2 .cns outputs.
----------------------------------------
-- Starting command on Mon Oct 17 17:20:42 2022 with 757.567 GB free disk space

    cd unitigging
    /Users/student/genome_assembly/canu-2.2/bin/tgStoreDump \
      -S ../ecoli.seqStore \
      -T ./ecoli.ctgStore 2 \
      -sizes -s 4800000 \
    > ./ecoli.ctgStore/seqDB.v002.sizes.txt

-- Finished on Mon Oct 17 17:20:42 2022 (like a bat out of hell) with 757.567 GB free disk space
----------------------------------------
-- Found, in version 2, after consensus generation:
--   contigs:      1 sequences, total length 4665109 bp (including 0 repeats of total length 0 bp).
--   bubbles:      0 sequences, total length 0 bp.
--   unassembled:  2 sequences, total length 25804 bp.
--
-- Contig sizes based on genome size 4.8mbp:
--
--            NG (bp)  LG (contigs)    sum (bp)
--         ----------  ------------  ----------
--     10     4665109             1     4665109
--     20     4665109             1     4665109
--     30     4665109             1     4665109
--     40     4665109             1     4665109
--     50     4665109             1     4665109
--     60     4665109             1     4665109
--     70     4665109             1     4665109
--     80     4665109             1     4665109
--     90     4665109             1     4665109
--
-- Finished stage 'consensusLoad', reset canuIteration.
----------------------------------------
-- Starting command on Mon Oct 17 17:20:42 2022 with 757.567 GB free disk space

    cd .
    /Users/student/genome_assembly/canu-2.2/bin/tgStoreDump \
      -S ./ecoli.seqStore \
      -T ./unitigging/ecoli.ctgStore 2 \
      -o ./ecoli.contigs \
      -layout \
    > ./ecoli.contigs.layout.err 2>&1

-- Finished on Mon Oct 17 17:20:42 2022 (in the blink of an eye) with 757.566 GB free disk space
----------------------------------------
----------------------------------------
-- Starting command on Mon Oct 17 17:20:42 2022 with 757.566 GB free disk space

    cd .
    /Users/student/genome_assembly/canu-2.2/bin/tgStoreDump \
      -S ./ecoli.seqStore \
      -T ./unitigging/ecoli.ctgStore 2 \
      -consensus -fasta \
      -unassembled \
    > ./ecoli.unassembled.fasta
    2> ./ecoli.unassembled.err

-- Finished on Mon Oct 17 17:20:42 2022 (lickety-split) with 757.566 GB free disk space
----------------------------------------
----------------------------------------
-- Starting command on Mon Oct 17 17:20:42 2022 with 757.566 GB free disk space

    cd .
    /Users/student/genome_assembly/canu-2.2/bin/tgStoreDump \
      -S ./ecoli.seqStore \
      -T ./unitigging/ecoli.ctgStore 2 \
      -consensus -fasta \
      -contigs \
    > ./ecoli.contigs.fasta
    2> ./ecoli.contigs.err

-- Finished on Mon Oct 17 17:20:42 2022 (furiously fast) with 757.562 GB free disk space
----------------------------------------
-- Finished stage 'generateOutputs', reset canuIteration.
--
-- Assembly 'ecoli' finished in '/Users/student/genome_assembly/canu-2.2/ecoli-pacbio'.
--
-- Summary saved in 'ecoli.report'.
--
-- Sequences saved:
--   Contigs       -> 'ecoli.contigs.fasta'
--   Unassembled   -> 'ecoli.unassembled.fasta'
--
-- Read layouts saved:
--   Contigs       -> 'ecoli.contigs.layout'.
--
-- Bye.
