-- canu 2.2
--
-- CITATIONS
--
-- For 'standard' assemblies of PacBio or Nanopore reads:
--   Koren S, Walenz BP, Berlin K, Miller JR, Phillippy AM.
--   Canu: scalable and accurate long-read assembly via adaptive k-mer weighting and repeat separation.
--   Genome Res. 2017 May;27(5):722-736.
--   http://doi.org/10.1101/gr.215087.116
-- 
-- Read and contig alignments during correction and consensus use:
--   Šošic M, Šikic M.
--   Edlib: a C/C ++ library for fast, exact sequence alignment using edit distance.
--   Bioinformatics. 2017 May 1;33(9):1394-1395.
--   http://doi.org/10.1093/bioinformatics/btw753
-- 
-- Overlaps are generated using:
--   Berlin K, et al.
--   Assembling large genomes with single-molecule sequencing and locality-sensitive hashing.
--   Nat Biotechnol. 2015 Jun;33(6):623-30.
--   http://doi.org/10.1038/nbt.3238
-- 
--   Myers EW, et al.
--   A Whole-Genome Assembly of Drosophila.
--   Science. 2000 Mar 24;287(5461):2196-204.
--   http://doi.org/10.1126/science.287.5461.2196
-- 
-- Corrected read consensus sequences are generated using an algorithm derived from FALCON-sense:
--   Chin CS, et al.
--   Phased diploid genome assembly with single-molecule real-time sequencing.
--   Nat Methods. 2016 Dec;13(12):1050-1054.
--   http://doi.org/10.1038/nmeth.4035
-- 
-- Contig consensus sequences are generated using an algorithm derived from pbdagcon:
--   Chin CS, et al.
--   Nonhybrid, finished microbial genome assemblies from long-read SMRT sequencing data.
--   Nat Methods. 2013 Jun;10(6):563-9
--   http://doi.org/10.1038/nmeth.2474
-- 
-- CONFIGURE CANU
--
-- Detected Java(TM) Runtime Environment '11.0.13' (from '/Users/student/miniconda/bin/java') without -d64 support.
-- Detected gnuplot version '5.4 patchlevel 5   ' (from 'gnuplot') and image format 'png'.
--
-- Detected 8 CPUs and 16 gigabytes of memory on the local machine.
--
-- Local machine mode enabled; grid support not detected or not allowed.
--
--                                (tag)Concurrency
--                         (tag)Threads          |
--                (tag)Memory         |          |
--        (tag)             |         |          |       total usage      algorithm
--        -------  ----------  --------   --------  --------------------  -----------------------------
-- Local: meryl      8.000 GB    4 CPUs x   2 jobs    16.000 GB   8 CPUs  (k-mer counting)
-- Local: hap        8.000 GB    4 CPUs x   2 jobs    16.000 GB   8 CPUs  (read-to-haplotype assignment)
-- Local: cormhap    6.000 GB    8 CPUs x   1 job      6.000 GB   8 CPUs  (overlap detection with mhap)
-- Local: obtovl     4.000 GB    8 CPUs x   1 job      4.000 GB   8 CPUs  (overlap detection)
-- Local: utgovl     4.000 GB    8 CPUs x   1 job      4.000 GB   8 CPUs  (overlap detection)
-- Local: cor        -.--- GB    4 CPUs x   - jobs     -.--- GB   - CPUs  (read correction)
-- Local: ovb        4.000 GB    1 CPU  x   4 jobs    16.000 GB   4 CPUs  (overlap store bucketizer)
-- Local: ovs        8.000 GB    1 CPU  x   2 jobs    16.000 GB   2 CPUs  (overlap store sorting)
-- Local: red        8.000 GB    4 CPUs x   2 jobs    16.000 GB   8 CPUs  (read error detection)
-- Local: oea        8.000 GB    1 CPU  x   2 jobs    16.000 GB   2 CPUs  (overlap error adjustment)
-- Local: bat       16.000 GB    4 CPUs x   1 job     16.000 GB   4 CPUs  (contig construction with bogart)
-- Local: cns        -.--- GB    4 CPUs x   - jobs     -.--- GB   - CPUs  (consensus)
--
-- Found untrimmed raw PacBio CLR reads in the input files.
--
-- Generating assembly 'ecoli-80' in '/Users/student/genome_assembly/canu-2.2/ecoli-pacbio-80':
--   genomeSize:
--     4800000
--
--   Overlap Generation Limits:
--     corOvlErrorRate 0.2400 ( 24.00%)
--     obtOvlErrorRate 0.0450 (  4.50%)
--     utgOvlErrorRate 0.0450 (  4.50%)
--
--   Overlap Processing Limits:
--     corErrorRate    0.2500 ( 25.00%)
--     obtErrorRate    0.0450 (  4.50%)
--     utgErrorRate    0.0450 (  4.50%)
--     cnsErrorRate    0.0750 (  7.50%)
--
--   Stages to run:
--     correct raw reads.
--     trim corrected reads.
--     assemble corrected and trimmed reads.
--
--
-- BEGIN CORRECTION
----------------------------------------
-- Starting command on Mon Oct 17 17:49:25 2022 with 757.495 GB free disk space

    cd .
    ./ecoli-80.seqStore.sh \
    > ./ecoli-80.seqStore.err 2>&1

-- Finished on Mon Oct 17 17:49:26 2022 (one second) with 757.47 GB free disk space
----------------------------------------
--
-- In sequence store './ecoli-80.seqStore':
--   Found 10043 reads.
--   Found 93342989 bases (19.44 times coverage).
--    Histogram of raw reads:
--    
--    G=93342989                         sum of  ||               length     num
--    NG         length     index       lengths  ||                range    seqs
--    ----- ------------ --------- ------------  ||  ------------------- -------
--    00010        23670       335      9341779  ||       1000-1825          931|---------------------------------------------------------------
--    00020        20608       760     18684852  ||       1826-2651          902|--------------------------------------------------------------
--    00030        18452      1237     28009069  ||       2652-3477          794|------------------------------------------------------
--    00040        16265      1775     37338207  ||       3478-4303          609|------------------------------------------
--    00050        14138      2391     46679242  ||       4304-5129          496|----------------------------------
--    00060        11994      3107     56010617  ||       5130-5955          431|------------------------------
--    00070         9891      3960     65344943  ||       5956-6781          392|---------------------------
--    00080         7686      5027     74675260  ||       6782-7607          422|-----------------------------
--    00090         4759      6540     84011732  ||       7608-8433          429|------------------------------
--    00100         1000     10042     93342989  ||       8434-9259          399|---------------------------
--    001.000x               10043     93342989  ||       9260-10085         353|------------------------
--                                               ||      10086-10911         347|------------------------
--                                               ||      10912-11737         329|-----------------------
--                                               ||      11738-12563         309|---------------------
--                                               ||      12564-13389         270|-------------------
--                                               ||      13390-14215         259|------------------
--                                               ||      14216-15041         256|------------------
--                                               ||      15042-15867         236|----------------
--                                               ||      15868-16693         211|---------------
--                                               ||      16694-17519         204|--------------
--                                               ||      17520-18345         204|--------------
--                                               ||      18346-19171         181|-------------
--                                               ||      19172-19997         178|-------------
--                                               ||      19998-20823         182|-------------
--                                               ||      20824-21649         133|---------
--                                               ||      21650-22475         113|--------
--                                               ||      22476-23301          93|-------
--                                               ||      23302-24127          80|------
--                                               ||      24128-24953          49|----
--                                               ||      24954-25779          42|---
--                                               ||      25780-26605          39|---
--                                               ||      26606-27431          34|---
--                                               ||      27432-28257          26|--
--                                               ||      28258-29083          23|--
--                                               ||      29084-29909          11|-
--                                               ||      29910-30735          14|-
--                                               ||      30736-31561           9|-
--                                               ||      31562-32387           9|-
--                                               ||      32388-33213           6|-
--                                               ||      33214-34039           5|-
--                                               ||      34040-34865           6|-
--                                               ||      34866-35691           5|-
--                                               ||      35692-36517           9|-
--                                               ||      36518-37343           1|-
--                                               ||      37344-38169           3|-
--                                               ||      38170-38995           2|-
--                                               ||      38996-39821           2|-
--                                               ||      39822-40647           2|-
--                                               ||      40648-41473           2|-
--                                               ||      41474-42299           1|-
--    
----------------------------------------
-- Starting command on Mon Oct 17 17:49:26 2022 with 757.47 GB free disk space

    cd correction/0-mercounts
    ./meryl-configure.sh \
    > ./meryl-configure.err 2>&1

-- Finished on Mon Oct 17 17:49:26 2022 (furiously fast) with 757.47 GB free disk space
----------------------------------------
--  segments   memory batches
--  -------- -------- -------
--        01  0.25 GB       2
--
--  For 10043 reads with 93342989 bases, limit to 1 batch.
--  Will count kmers using 01 jobs, each using 2 GB and 4 threads.
--
-- Finished stage 'merylConfigure', reset canuIteration.
--
-- Running jobs.  First attempt out of 2.
----------------------------------------
-- Starting 'meryl' concurrent execution on Mon Oct 17 17:49:26 2022 with 757.47 GB free disk space (1 processes; 2 concurrently)

    cd correction/0-mercounts
    ./meryl-count.sh 1 > ./meryl-count.000001.out 2>&1

-- Finished on Mon Oct 17 17:49:34 2022 (8 seconds) with 757.111 GB free disk space
----------------------------------------
-- Found 1 Kmer counting (meryl) outputs.
-- Finished stage 'cor-merylCountCheck', reset canuIteration.
--
-- Running jobs.  First attempt out of 2.
----------------------------------------
-- Starting 'meryl' concurrent execution on Mon Oct 17 17:49:34 2022 with 757.111 GB free disk space (1 processes; 2 concurrently)

    cd correction/0-mercounts
    ./meryl-process.sh 1 > ./meryl-process.000001.out 2>&1

-- Finished on Mon Oct 17 17:49:37 2022 (3 seconds) with 757.423 GB free disk space
----------------------------------------
-- Meryl finished successfully.  Kmer frequency histogram:
--
--  16-mers                                                                                           Fraction
--    Occurrences   NumMers                                                                         Unique Total
--       1-     1         0                                                                        0.0000 0.0000
--       2-     2   5354222 ********************************************************************** 0.5750 0.3750
--       3-     4   2508294 ********************************                                       0.7432 0.5396
--       5-     7   1222173 ***************                                                        0.9119 0.7816
--       8-    11    194660 **                                                                     0.9872 0.9437
--      12-    16     16629                                                                        0.9973 0.9757
--      17-    22      6054                                                                        0.9985 0.9815
--      23-    29      4096                                                                        0.9991 0.9854
--      30-    37      2350                                                                        0.9995 0.9890
--      38-    46      1110                                                                        0.9997 0.9914
--      47-    56       688                                                                        0.9998 0.9930
--      57-    67       262                                                                        0.9999 0.9942
--      68-    79       111                                                                        0.9999 0.9947
--      80-    92        81                                                                        1.0000 0.9949
--      93-   106        46                                                                        1.0000 0.9952
--     107-   121        38                                                                        1.0000 0.9953
--     122-   137        40                                                                        1.0000 0.9955
--     138-   154        27                                                                        1.0000 0.9957
--     155-   172        28                                                                        1.0000 0.9958
--     173-   191        29                                                                        1.0000 0.9960
--     192-   211        19                                                                        1.0000 0.9961
--     212-   232        23                                                                        1.0000 0.9963
--     233-   254        16                                                                        1.0000 0.9964
--     255-   277        13                                                                        1.0000 0.9966
--     278-   301         9                                                                        1.0000 0.9967
--     302-   326         4                                                                        1.0000 0.9968
--     327-   352         8                                                                        1.0000 0.9968
--     353-   379        12                                                                        1.0000 0.9969
--     380-   407        10                                                                        1.0000 0.9971
--     408-   436         9                                                                        1.0000 0.9972
--     437-   466        16                                                                        1.0000 0.9974
--     467-   497         9                                                                        1.0000 0.9976
--     498-   529         4                                                                        1.0000 0.9978
--     530-   562         4                                                                        1.0000 0.9978
--     563-   596         3                                                                        1.0000 0.9979
--     597-   631         2                                                                        1.0000 0.9980
--     632-   667         1                                                                        1.0000 0.9980
--     668-   704         3                                                                        1.0000 0.9981
--
--           0 (max occurrences)
--    28554613 (total mers, non-unique)
--     9311115 (distinct mers, non-unique)
--           0 (unique mers)
-- Finished stage 'meryl-process', reset canuIteration.
--
-- Removing meryl database 'correction/0-mercounts/ecoli-80.ms16'.
--
-- OVERLAPPER (mhap) (correction)
--
-- Set corMhapSensitivity=high based on read coverage of 19.44.
--
-- PARAMETERS: hashes=768, minMatches=2, threshold=0.73
--
-- Given 5.4 GB, can fit 8100 reads per block.
-- For 3 blocks, set stride to 2 blocks.
-- Logging partitioning to 'correction/1-overlapper/partitioning.log'.
-- Configured 2 mhap precompute jobs.
-- Configured 2 mhap overlap jobs.
-- Finished stage 'cor-mhapConfigure', reset canuIteration.
--
-- Running jobs.  First attempt out of 2.
----------------------------------------
-- Starting 'cormhap' concurrent execution on Mon Oct 17 17:49:37 2022 with 757.47 GB free disk space (2 processes; 1 concurrently)

    cd correction/1-overlapper
    ./precompute.sh 1 > ./precompute.000001.out 2>&1
    ./precompute.sh 2 > ./precompute.000002.out 2>&1

-- Finished on Mon Oct 17 17:56:34 2022 (417 seconds) with 757.175 GB free disk space
----------------------------------------
-- All 2 mhap precompute jobs finished successfully.
-- Finished stage 'cor-mhapPrecomputeCheck', reset canuIteration.
--
-- Running jobs.  First attempt out of 2.
----------------------------------------
-- Starting 'cormhap' concurrent execution on Mon Oct 17 17:56:34 2022 with 757.175 GB free disk space (2 processes; 1 concurrently)

    cd correction/1-overlapper
    ./mhap.sh 1 > ./mhap.000001.out 2>&1
    ./mhap.sh 2 > ./mhap.000002.out 2>&1

-- Finished on Mon Oct 17 17:56:46 2022 (12 seconds) with 757.171 GB free disk space
----------------------------------------
-- Found 2 mhap overlap output files.
-- Finished stage 'cor-mhapCheck', reset canuIteration.
----------------------------------------
-- Starting command on Mon Oct 17 17:56:46 2022 with 757.171 GB free disk space

    cd correction
    /Users/student/genome_assembly/canu-2.2/bin/ovStoreConfig \
     -S ../ecoli-80.seqStore \
     -M 4-8 \
     -L ./1-overlapper/ovljob.files \
     -create ./ecoli-80.ovlStore.config \
     > ./ecoli-80.ovlStore.config.txt \
    2> ./ecoli-80.ovlStore.config.err

-- Finished on Mon Oct 17 17:56:46 2022 (like a bat out of hell) with 757.171 GB free disk space
----------------------------------------
--
-- Creating overlap store correction/ecoli-80.ovlStore using:
--      2 buckets
--      2 slices
--        using at most 1 GB memory each
-- Finished stage 'cor-overlapStoreConfigure', reset canuIteration.
--
-- Running jobs.  First attempt out of 2.
----------------------------------------
-- Starting 'ovB' concurrent execution on Mon Oct 17 17:56:46 2022 with 757.171 GB free disk space (2 processes; 4 concurrently)

    cd correction/ecoli-80.ovlStore.BUILDING
    ./scripts/1-bucketize.sh 1 > ./logs/1-bucketize.000001.out 2>&1
    ./scripts/1-bucketize.sh 2 > ./logs/1-bucketize.000002.out 2>&1

-- Finished on Mon Oct 17 17:56:46 2022 (like a bat out of hell) with 757.166 GB free disk space
----------------------------------------
-- Overlap store bucketizer finished.
-- Finished stage 'cor-overlapStoreBucketizerCheck', reset canuIteration.
--
-- Running jobs.  First attempt out of 2.
----------------------------------------
-- Starting 'ovS' concurrent execution on Mon Oct 17 17:56:46 2022 with 757.166 GB free disk space (2 processes; 2 concurrently)

    cd correction/ecoli-80.ovlStore.BUILDING
    ./scripts/2-sort.sh 1 > ./logs/2-sort.000001.out 2>&1
    ./scripts/2-sort.sh 2 > ./logs/2-sort.000002.out 2>&1

-- Finished on Mon Oct 17 17:56:47 2022 (one second) with 757.165 GB free disk space
----------------------------------------
-- Overlap store sorter finished.
-- Finished stage 'cor-overlapStoreSorterCheck', reset canuIteration.
----------------------------------------
-- Starting command on Mon Oct 17 17:56:47 2022 with 757.165 GB free disk space

    cd correction
    /Users/student/genome_assembly/canu-2.2/bin/ovStoreIndexer \
      -O  ./ecoli-80.ovlStore.BUILDING \
      -S ../ecoli-80.seqStore \
      -C  ./ecoli-80.ovlStore.config \
      -delete \
    > ./ecoli-80.ovlStore.BUILDING.index.err 2>&1

-- Finished on Mon Oct 17 17:56:47 2022 (in the blink of an eye) with 757.165 GB free disk space
----------------------------------------
-- Overlap store indexer finished.
-- Checking store.
----------------------------------------
-- Starting command on Mon Oct 17 17:56:47 2022 with 757.165 GB free disk space

    cd correction
    /Users/student/genome_assembly/canu-2.2/bin/ovStoreDump \
     -S ../ecoli-80.seqStore \
     -O  ./ecoli-80.ovlStore \
     -counts \
     > ./ecoli-80.ovlStore/counts.dat 2> ./ecoli-80.ovlStore/counts.err

-- Finished on Mon Oct 17 17:56:47 2022 (in the blink of an eye) with 757.165 GB free disk space
----------------------------------------
--
-- Overlap store 'correction/ecoli-80.ovlStore' successfully constructed.
-- Found 306252 overlaps for 9844 reads; 199 reads have no overlaps.
--
--
-- Purged 0.288 GB in 6 overlap output files.
-- Finished stage 'cor-createOverlapStore', reset canuIteration.
-- Set corMinCoverage=0 based on read coverage of 19.44.
-- Computing correction layouts.
--   Local  filter coverage   80
--   Global filter coverage   40
----------------------------------------
-- Starting command on Mon Oct 17 17:56:47 2022 with 757.466 GB free disk space

    cd correction
    /Users/student/genome_assembly/canu-2.2/bin/generateCorrectionLayouts \
      -S ../ecoli-80.seqStore \
      -O  ./ecoli-80.ovlStore \
      -C  ./ecoli-80.corStore.WORKING \
      -eC 80 \
      -xC 40 \
    > ./ecoli-80.corStore.err 2>&1

-- Finished on Mon Oct 17 17:56:47 2022 (lickety-split) with 757.455 GB free disk space
----------------------------------------
-- Finished stage 'cor-buildCorrectionLayoutsConfigure', reset canuIteration.
-- Computing correction layouts.
----------------------------------------
-- Starting command on Mon Oct 17 17:56:47 2022 with 757.455 GB free disk space

    cd correction/2-correction
    /Users/student/genome_assembly/canu-2.2/bin/filterCorrectionLayouts \
      -S  ../../ecoli-80.seqStore \
      -C     ../ecoli-80.corStore \
      -R      ./ecoli-80.readsToCorrect.WORKING \
      -cc 0 \
      -cl 1000 \
      -g  4800000 \
      -c  40 \
    > ./ecoli-80.readsToCorrect.err 2>&1

-- Finished on Mon Oct 17 17:56:47 2022 (fast as lightning) with 757.454 GB free disk space
----------------------------------------
--                             original      original
--                            raw reads     raw reads
--   category                w/overlaps  w/o/overlaps
--   -------------------- ------------- -------------
--   Number of Reads               9795           248
--   Number of Bases           92021748        202381
--   Coverage                    19.171         0.042
--   Median                        7798             0
--   Mean                          9394           816
--   N50                          14208         10232
--   Minimum                       1000             0
--   Maximum                      42279         18568
--   
--                                        --------corrected---------  ----------rescued----------
--                             evidence                     expected                     expected
--   category                     reads            raw     corrected            raw     corrected
--   -------------------- -------------  ------------- -------------  ------------- -------------
--   Number of Reads               9844           9794          9794              0             0
--   Number of Bases           92224129       91979469      90608679              0             0
--   Coverage                    19.213         19.162        18.877          0.000         0.000
--   Median                        7772           7798          7662              0             0
--   Mean                          9368           9391          9251              0             0
--   N50                          14197          14205         14117              0             0
--   Minimum                       1000           1000           172              0             0
--   Maximum                      42279          41342         41341              0             0
--   
--                        --------uncorrected--------
--                                           expected
--   category                       raw     corrected
--   -------------------- ------------- -------------
--   Number of Reads                249           249
--   Number of Bases             244660         42278
--   Coverage                     0.051         0.009
--   Median                           0             0
--   Mean                           982           169
--   N50                          12135             0
--   Minimum                          0             0
--   Maximum                      42279         42278
--   
--   Maximum Memory           918017048
-- Finished stage 'cor-filterCorrectionLayouts', reset canuIteration.
--
-- Correction jobs estimated to need at most 0.854 GB for computation.
-- Correction jobs will request 6 GB each.
--
-- Local: cor        6.000 GB    4 CPUs x   2 jobs    12.000 GB   8 CPUs  (read correction)
--
--
-- Configuring correction jobs:
--   Reads estimated to need at most 0.854 GB for computation.
--   Jobs will request 6 GB each.
----------------------------------------
-- Starting command on Mon Oct 17 17:56:48 2022 with 757.454 GB free disk space

    cd correction/2-correction
    ./correctReadsPartition.sh \
    > ./correctReadsPartition.err 2>&1

-- Finished on Mon Oct 17 17:56:48 2022 (one second) with 757.458 GB free disk space
----------------------------------------
-- Finished stage 'cor-generateCorrectedReadsConfigure', reset canuIteration.
--
-- Running jobs.  First attempt out of 2.
----------------------------------------
-- Starting 'cor' concurrent execution on Mon Oct 17 17:56:48 2022 with 757.458 GB free disk space (1 processes; 2 concurrently)

    cd correction/2-correction
    ./correctReads.sh 1 > ./correctReads.000001.out 2>&1

-- Finished on Mon Oct 17 18:06:13 2022 (565 seconds) with 757.271 GB free disk space
----------------------------------------
-- Found 1 read correction output files.
-- Finished stage 'cor-generateCorrectedReadsCheck', reset canuIteration.
-- Found 1 read correction output files.
-- Finished stage 'cor-generateCorrectedReadsCheck', reset canuIteration.
--
-- Loading corrected reads into corStore and seqStore.
----------------------------------------
-- Starting command on Mon Oct 17 18:06:13 2022 with 757.271 GB free disk space

    cd correction
    /Users/student/genome_assembly/canu-2.2/bin/loadCorrectedReads \
      -S ../ecoli-80.seqStore \
      -C ./ecoli-80.corStore \
      -L ./2-correction/corjob.files \
    >  ./ecoli-80.loadCorrectedReads.log \
    2> ./ecoli-80.loadCorrectedReads.err

-- Finished on Mon Oct 17 18:06:14 2022 (one second) with 757.227 GB free disk space
----------------------------------------
--
-- In sequence store './ecoli-80.seqStore':
--   Found 9779 reads.
--   Found 88237602 bases (18.38 times coverage).
--    Histogram of corrected reads:
--    
--    G=88237602                         sum of  ||               length     num
--    NG         length     index       lengths  ||                range    seqs
--    ----- ------------ --------- ------------  ||  ------------------- -------
--    00010        22763       329      8841166  ||       1004-1787          868|---------------------------------------------------------------
--    00020        19809       747     17661521  ||       1788-2571          860|---------------------------------------------------------------
--    00030        17757      1217     26484634  ||       2572-3355          760|--------------------------------------------------------
--    00040        15653      1744     35310075  ||       3356-4139          593|--------------------------------------------
--    00050        13697      2346     44121790  ||       4140-4923          484|------------------------------------
--    00060        11581      3048     52942965  ||       4924-5707          422|-------------------------------
--    00070         9597      3884     61769279  ||       5708-6491          390|-----------------------------
--    00080         7410      4929     70592859  ||       6492-7275          406|------------------------------
--    00090         4608      6405     79416013  ||       7276-8059          406|------------------------------
--    00100         1004      9778     88237602  ||       8060-8843          383|----------------------------
--    001.000x                9779     88237602  ||       8844-9627          336|-------------------------
--                                               ||       9628-10411         344|-------------------------
--                                               ||      10412-11195         331|-------------------------
--                                               ||      11196-11979         322|------------------------
--                                               ||      11980-12763         257|-------------------
--                                               ||      12764-13547         222|-----------------
--                                               ||      13548-14331         270|--------------------
--                                               ||      14332-15115         219|----------------
--                                               ||      15116-15899         220|----------------
--                                               ||      15900-16683         195|---------------
--                                               ||      16684-17467         190|--------------
--                                               ||      17468-18251         216|----------------
--                                               ||      18252-19035         160|------------
--                                               ||      19036-19819         180|--------------
--                                               ||      19820-20603         141|-----------
--                                               ||      20604-21387         118|---------
--                                               ||      21388-22171          91|-------
--                                               ||      22172-22955          81|------
--                                               ||      22956-23739          47|----
--                                               ||      23740-24523          52|----
--                                               ||      24524-25307          42|----
--                                               ||      25308-26091          32|---
--                                               ||      26092-26875          27|--
--                                               ||      26876-27659          20|--
--                                               ||      27660-28443          16|--
--                                               ||      28444-29227          11|-
--                                               ||      29228-30011           9|-
--                                               ||      30012-30795          10|-
--                                               ||      30796-31579           5|-
--                                               ||      31580-32363           9|-
--                                               ||      32364-33147           5|-
--                                               ||      33148-33931           2|-
--                                               ||      33932-34715           7|-
--                                               ||      34716-35499           6|-
--                                               ||      35500-36283           2|-
--                                               ||      36284-37067           5|-
--                                               ||      37068-37851           0|
--                                               ||      37852-38635           1|-
--                                               ||      38636-39419           2|-
--                                               ||      39420-40203           4|-
--    
--
-- Purging correctReads output after loading into stores.
-- Purged 1 .cns outputs.
-- Purged 2 .out job log outputs.
--
-- No corrected reads generated, overlaps used for correction saved.
-- Finished stage 'cor-loadCorrectedReads', reset canuIteration.
----------------------------------------
-- Starting command on Mon Oct 17 18:06:14 2022 with 757.415 GB free disk space

    cd .
    /Users/student/genome_assembly/canu-2.2/bin/sqStoreDumpFASTQ \
      -corrected \
      -S ./ecoli-80.seqStore \
      -o ./ecoli-80.correctedReads.gz \
      -fasta \
      -nolibname \
    > ecoli-80.correctedReads.fasta.err 2>&1

-- Finished on Mon Oct 17 18:06:15 2022 (one second) with 757.387 GB free disk space
----------------------------------------
--
-- Corrected reads saved in 'ecoli-80.correctedReads.fasta.gz'.
-- Finished stage 'cor-dumpCorrectedReads', reset canuIteration.
--
-- BEGIN TRIMMING
----------------------------------------
-- Starting command on Mon Oct 17 18:06:15 2022 with 757.387 GB free disk space

    cd trimming/0-mercounts
    ./meryl-configure.sh \
    > ./meryl-configure.err 2>&1

-- Finished on Mon Oct 17 18:06:15 2022 (lickety-split) with 757.387 GB free disk space
----------------------------------------
--  segments   memory batches
--  -------- -------- -------
--        01  0.35 GB       2
--
--  For 9779 reads with 88237602 bases, limit to 1 batch.
--  Will count kmers using 01 jobs, each using 2 GB and 4 threads.
--
-- Finished stage 'merylConfigure', reset canuIteration.
--
-- Running jobs.  First attempt out of 2.
----------------------------------------
-- Starting 'meryl' concurrent execution on Mon Oct 17 18:06:15 2022 with 757.387 GB free disk space (1 processes; 2 concurrently)

    cd trimming/0-mercounts
    ./meryl-count.sh 1 > ./meryl-count.000001.out 2>&1

-- Finished on Mon Oct 17 18:06:22 2022 (7 seconds) with 757.234 GB free disk space
----------------------------------------
-- Found 1 Kmer counting (meryl) outputs.
-- Finished stage 'obt-merylCountCheck', reset canuIteration.
--
-- Running jobs.  First attempt out of 2.
----------------------------------------
-- Starting 'meryl' concurrent execution on Mon Oct 17 18:06:22 2022 with 757.234 GB free disk space (1 processes; 2 concurrently)

    cd trimming/0-mercounts
    ./meryl-process.sh 1 > ./meryl-process.000001.out 2>&1

-- Finished on Mon Oct 17 18:06:24 2022 (2 seconds) with 757.349 GB free disk space
----------------------------------------
-- Meryl finished successfully.  Kmer frequency histogram:
--
--  22-mers                                                                                           Fraction
--    Occurrences   NumMers                                                                         Unique Total
--       1-     1         0                                                                        0.0000 0.0000
--       2-     2    626011 ***********************                                                0.1104 0.0177
--       3-     4    420468 ****************                                                       0.1562 0.0288
--       5-     7    389707 **************                                                         0.2072 0.0470
--       8-    11    885436 *********************************                                      0.2824 0.0899
--      12-    16   1835369 ********************************************************************** 0.4688 0.2503
--      17-    22   1268549 ************************************************                       0.7896 0.6347
--      23-    29    207516 *******                                                                0.9705 0.9224
--      30-    37     13977                                                                        0.9943 0.9714
--      38-    46      5806                                                                        0.9963 0.9766
--      47-    56      4135                                                                        0.9972 0.9798
--      57-    67      2146                                                                        0.9979 0.9827
--      68-    79      1980                                                                        0.9983 0.9845
--      80-    92      1831                                                                        0.9986 0.9865
--      93-   106      2802                                                                        0.9990 0.9890
--     107-   121      1236                                                                        0.9994 0.9928
--     122-   137       782                                                                        0.9996 0.9947
--     138-   154       136                                                                        0.9998 0.9960
--     155-   172       209                                                                        0.9998 0.9963
--     173-   191       519                                                                        0.9998 0.9967
--     192-   211       375                                                                        0.9999 0.9982
--     212-   232        47                                                                        1.0000 0.9992
--     233-   254         6                                                                        1.0000 0.9993
--     255-   277         8                                                                        1.0000 0.9993
--     278-   301         3                                                                        1.0000 0.9993
--     302-   326         2                                                                        1.0000 0.9993
--     327-   352         2                                                                        1.0000 0.9993
--     353-   379         3                                                                        1.0000 0.9994
--     380-   407         5                                                                        1.0000 0.9994
--     408-   436         1                                                                        1.0000 0.9994
--     437-   466         5                                                                        1.0000 0.9994
--     467-   497         0                                                                        0.0000 0.0000
--     498-   529         0                                                                        0.0000 0.0000
--     530-   562         5                                                                        1.0000 0.9994
--     563-   596         0                                                                        0.0000 0.0000
--     597-   631         3                                                                        1.0000 0.9995
--     632-   667         4                                                                        1.0000 0.9995
--     668-   704         5                                                                        1.0000 0.9995
--     705-   742         7                                                                        1.0000 0.9996
--     743-   781         1                                                                        1.0000 0.9997
--     782-   821         1                                                                        1.0000 0.9997
--
--           0 (max occurrences)
--    70547564 (total mers, non-unique)
--     5669112 (distinct mers, non-unique)
--           0 (unique mers)
-- Finished stage 'meryl-process', reset canuIteration.
--
-- Removing meryl database 'trimming/0-mercounts/ecoli-80.ms22'.
--
-- OVERLAPPER (normal) (trimming) erate=0.045
--
----------------------------------------
-- Starting command on Mon Oct 17 18:06:24 2022 with 757.387 GB free disk space

    cd trimming/1-overlapper
    /Users/student/genome_assembly/canu-2.2/bin/overlapInCorePartition \
     -S  ../../ecoli-80.seqStore \
     -hl 80000000 \
     -rl 1000000000 \
     -ol 500 \
     -o  ./ecoli-80.partition \
    > ./ecoli-80.partition.err 2>&1

-- Finished on Mon Oct 17 18:06:24 2022 (fast as lightning) with 757.387 GB free disk space
----------------------------------------
--
-- Configured 2 overlapInCore jobs.
-- Finished stage 'obt-overlapConfigure', reset canuIteration.
--
-- Running jobs.  First attempt out of 2.
----------------------------------------
-- Starting 'obtovl' concurrent execution on Mon Oct 17 18:06:24 2022 with 757.387 GB free disk space (2 processes; 1 concurrently)

    cd trimming/1-overlapper
    ./overlap.sh 1 > ./overlap.000001.out 2>&1
    ./overlap.sh 2 > ./overlap.000002.out 2>&1

-- Finished on Mon Oct 17 18:07:35 2022 (71 seconds) with 757.383 GB free disk space
----------------------------------------
-- Found 2 overlapInCore output files.
--
-- overlapInCore compute 'trimming/1-overlapper':
--   kmer hits
--     with no overlap           531302      265651 +- 230262.252
--     with an overlap           181818       90909 +- 81494.056
--
--   overlaps                    181811     90905.5 +- 81490.52
--     contained                      0           0 +- 0
--     dovetail                       0           0 +- 0
--
--   overlaps rejected
--     multiple per pair              0           0 +- 0
--     bad short window               0           0 +- 0
--     bad long window                0           0 +- 0
-- Finished stage 'obt-overlapCheck', reset canuIteration.
----------------------------------------
-- Starting command on Mon Oct 17 18:07:35 2022 with 757.383 GB free disk space

    cd trimming
    /Users/student/genome_assembly/canu-2.2/bin/ovStoreConfig \
     -S ../ecoli-80.seqStore \
     -M 3 \
     -L ./1-overlapper/ovljob.files \
     -create ./ecoli-80.ovlStore.config \
     > ./ecoli-80.ovlStore.config.txt \
    2> ./ecoli-80.ovlStore.config.err

-- Finished on Mon Oct 17 18:07:35 2022 (like a bat out of hell) with 757.383 GB free disk space
----------------------------------------
--
-- Creating overlap store trimming/ecoli-80.ovlStore using:
--      2 buckets
--      2 slices
--        using at most 1 GB memory each
-- Finished stage 'obt-overlapStoreConfigure', reset canuIteration.
--
-- Running jobs.  First attempt out of 2.
----------------------------------------
-- Starting 'ovB' concurrent execution on Mon Oct 17 18:07:35 2022 with 757.383 GB free disk space (2 processes; 4 concurrently)

    cd trimming/ecoli-80.ovlStore.BUILDING
    ./scripts/1-bucketize.sh 1 > ./logs/1-bucketize.000001.out 2>&1
    ./scripts/1-bucketize.sh 2 > ./logs/1-bucketize.000002.out 2>&1

-- Finished on Mon Oct 17 18:07:35 2022 (lickety-split) with 757.376 GB free disk space
----------------------------------------
-- Overlap store bucketizer finished.
-- Finished stage 'obt-overlapStoreBucketizerCheck', reset canuIteration.
--
-- Running jobs.  First attempt out of 2.
----------------------------------------
-- Starting 'ovS' concurrent execution on Mon Oct 17 18:07:35 2022 with 757.376 GB free disk space (2 processes; 2 concurrently)

    cd trimming/ecoli-80.ovlStore.BUILDING
    ./scripts/2-sort.sh 1 > ./logs/2-sort.000001.out 2>&1
    ./scripts/2-sort.sh 2 > ./logs/2-sort.000002.out 2>&1

-- Finished on Mon Oct 17 18:07:36 2022 (one second) with 757.375 GB free disk space
----------------------------------------
-- Overlap store sorter finished.
-- Finished stage 'obt-overlapStoreSorterCheck', reset canuIteration.
----------------------------------------
-- Starting command on Mon Oct 17 18:07:36 2022 with 757.375 GB free disk space

    cd trimming
    /Users/student/genome_assembly/canu-2.2/bin/ovStoreIndexer \
      -O  ./ecoli-80.ovlStore.BUILDING \
      -S ../ecoli-80.seqStore \
      -C  ./ecoli-80.ovlStore.config \
      -delete \
    > ./ecoli-80.ovlStore.BUILDING.index.err 2>&1

-- Finished on Mon Oct 17 18:07:36 2022 (fast as lightning) with 757.375 GB free disk space
----------------------------------------
-- Overlap store indexer finished.
-- Checking store.
----------------------------------------
-- Starting command on Mon Oct 17 18:07:36 2022 with 757.375 GB free disk space

    cd trimming
    /Users/student/genome_assembly/canu-2.2/bin/ovStoreDump \
     -S ../ecoli-80.seqStore \
     -O  ./ecoli-80.ovlStore \
     -counts \
     > ./ecoli-80.ovlStore/counts.dat 2> ./ecoli-80.ovlStore/counts.err

-- Finished on Mon Oct 17 18:07:36 2022 (lickety-split) with 757.375 GB free disk space
----------------------------------------
--
-- Overlap store 'trimming/ecoli-80.ovlStore' successfully constructed.
-- Found 363636 overlaps for 8634 reads; 1409 reads have no overlaps.
--
--
-- Purged 0.003 GB in 6 overlap output files.
-- Finished stage 'obt-createOverlapStore', reset canuIteration.
----------------------------------------
-- Starting command on Mon Oct 17 18:07:36 2022 with 757.379 GB free disk space

    cd trimming/3-overlapbasedtrimming
    /Users/student/genome_assembly/canu-2.2/bin/trimReads \
      -S  ../../ecoli-80.seqStore \
      -O  ../ecoli-80.ovlStore \
      -Co ./ecoli-80.1.trimReads.clear \
      -e  0.045 \
      -minlength 1000 \
      -ol 500 \
      -oc 2 \
      -o  ./ecoli-80.1.trimReads \
    >     ./ecoli-80.1.trimReads.err 2>&1

-- Finished on Mon Oct 17 18:07:36 2022 (fast as lightning) with 757.378 GB free disk space
----------------------------------------
--  PARAMETERS:
--  ----------
--     1000    (reads trimmed below this many bases are deleted)
--   0.0450    (use overlaps at or below this fraction error)
--      500    (break region if overlap is less than this long, for 'largest covered' algorithm)
--        2    (break region if overlap coverage is less than this many reads, for 'largest covered' algorithm)
--  
--  INPUT READS:
--  -----------
--   10043 reads     88237602 bases (reads processed)
--       0 reads            0 bases (reads not processed, previously deleted)
--       0 reads            0 bases (reads not processed, in a library where trimming isn't allowed)
--  
--  OUTPUT READS:
--  ------------
--    8009 reads     66425057 bases (trimmed reads output)
--      31 reads       200308 bases (reads with no change, kept as is)
--    1409 reads      7186170 bases (reads with no overlaps, deleted)
--     594 reads      2158702 bases (reads with short trimmed length, deleted)
--  
--  TRIMMING DETAILS:
--  ----------------
--    7499 reads      6783083 bases (bases trimmed from the 5' end of a read)
--    7791 reads      5484282 bases (bases trimmed from the 3' end of a read)
-- Finished stage 'obt-trimReads', reset canuIteration.
----------------------------------------
-- Starting command on Mon Oct 17 18:07:36 2022 with 757.378 GB free disk space

    cd trimming/3-overlapbasedtrimming
    /Users/student/genome_assembly/canu-2.2/bin/splitReads \
      -S  ../../ecoli-80.seqStore \
      -O  ../ecoli-80.ovlStore \
      -Ci ./ecoli-80.1.trimReads.clear \
      -Co ./ecoli-80.2.splitReads.clear \
      -e  0.045 \
      -minlength 1000 \
      -o  ./ecoli-80.2.splitReads \
    >     ./ecoli-80.2.splitReads.err 2>&1

-- Finished on Mon Oct 17 18:07:36 2022 (like a bat out of hell) with 757.378 GB free disk space
----------------------------------------
--  PARAMETERS:
--  ----------
--     1000    (reads trimmed below this many bases are deleted)
--   0.0450    (use overlaps at or below this fraction error)
--  INPUT READS:
--  -----------
--    8040 reads     78892730 bases (reads processed)
--    2003 reads      9344872 bases (reads not processed, previously deleted)
--       0 reads            0 bases (reads not processed, in a library where trimming isn't allowed)
--  
--  PROCESSED:
--  --------
--       0 reads            0 bases (no overlaps)
--       0 reads            0 bases (no coverage after adjusting for trimming done already)
--       0 reads            0 bases (processed for chimera)
--       0 reads            0 bases (processed for spur)
--    8040 reads     78892730 bases (processed for subreads)
--  
--  READS WITH SIGNALS:
--  ------------------
--       0 reads            0 signals (number of 5' spur signal)
--       0 reads            0 signals (number of 3' spur signal)
--       0 reads            0 signals (number of chimera signal)
--       2 reads            2 signals (number of subread signal)
--  
--  SIGNALS:
--  -------
--       0 reads            0 bases (size of 5' spur signal)
--       0 reads            0 bases (size of 3' spur signal)
--       0 reads            0 bases (size of chimera signal)
--       2 reads           36 bases (size of subread signal)
--  
--  TRIMMING:
--  --------
--       1 reads         1775 bases (trimmed from the 5' end of the read)
--       1 reads         1580 bases (trimmed from the 3' end of the read)
-- Finished stage 'obt-splitReads', reset canuIteration.
----------------------------------------
-- Starting command on Mon Oct 17 18:07:36 2022 with 757.378 GB free disk space

    cd trimming/3-overlapbasedtrimming
    /Users/student/genome_assembly/canu-2.2/bin/loadTrimmedReads \
      -S ../../ecoli-80.seqStore \
      -c ./ecoli-80.2.splitReads.clear \
    > ./ecoli-80.loadTrimmedReads.err 2>&1

-- Finished on Mon Oct 17 18:07:37 2022 (one second) with 757.377 GB free disk space
----------------------------------------
--
-- In sequence store './ecoli-80.seqStore':
--   Found 8040 reads.
--   Found 66622010 bases (13.87 times coverage).
--    Histogram of corrected-trimmed reads:
--    
--    G=66622010                         sum of  ||               length     num
--    NG         length     index       lengths  ||                range    seqs
--    ----- ------------ --------- ------------  ||  ------------------- -------
--    00010        21622       268      6662906  ||       1000-1769          850|---------------------------------------------------------------
--    00020        18856       602     13341071  ||       1770-2539          763|---------------------------------------------------------
--    00030        16779       976     19991804  ||       2540-3309          631|-----------------------------------------------
--    00040        14730      1400     26652913  ||       3310-4079          513|---------------------------------------
--    00050        12785      1886     33312567  ||       4080-4849          433|---------------------------------
--    00060        10680      2458     39983539  ||       4850-5619          364|---------------------------
--    00070         8816      3142     46641478  ||       5620-6389          352|---------------------------
--    00080         6702      4005     53298738  ||       6390-7159          334|-------------------------
--    00090         4126      5252     59963407  ||       7160-7929          336|-------------------------
--    00100         1000      8039     66622010  ||       7930-8699          270|---------------------
--    001.000x                8040     66622010  ||       8700-9469          296|----------------------
--                                               ||       9470-10239         284|----------------------
--                                               ||      10240-11009         258|--------------------
--                                               ||      11010-11779         218|-----------------
--                                               ||      11780-12549         207|----------------
--                                               ||      12550-13319         195|---------------
--                                               ||      13320-14089         200|---------------
--                                               ||      14090-14859         168|-------------
--                                               ||      14860-15629         167|-------------
--                                               ||      15630-16399         144|-----------
--                                               ||      16400-17169         158|------------
--                                               ||      17170-17939         146|-----------
--                                               ||      17940-18709         123|----------
--                                               ||      18710-19479         131|----------
--                                               ||      19480-20249         116|---------
--                                               ||      20250-21019          65|-----
--                                               ||      21020-21789          63|-----
--                                               ||      21790-22559          57|-----
--                                               ||      22560-23329          37|---
--                                               ||      23330-24099          33|---
--                                               ||      24100-24869          28|---
--                                               ||      24870-25639          26|--
--                                               ||      25640-26409          24|--
--                                               ||      26410-27179           8|-
--                                               ||      27180-27949           7|-
--                                               ||      27950-28719           7|-
--                                               ||      28720-29489           8|-
--                                               ||      29490-30259           3|-
--                                               ||      30260-31029           4|-
--                                               ||      31030-31799           3|-
--                                               ||      31800-32569           2|-
--                                               ||      32570-33339           1|-
--                                               ||      33340-34109           4|-
--                                               ||      34110-34879           0|
--                                               ||      34880-35649           0|
--                                               ||      35650-36419           1|-
--                                               ||      36420-37189           0|
--                                               ||      37190-37959           0|
--                                               ||      37960-38729           1|-
--                                               ||      38730-39499           1|-
--    
--
-- No trimmed reads generated, overlaps used for trimming saved.
-- Finished stage 'obt-dumpReads', reset canuIteration.
----------------------------------------
-- Starting command on Mon Oct 17 18:07:37 2022 with 757.377 GB free disk space

    cd .
    /Users/student/genome_assembly/canu-2.2/bin/sqStoreDumpFASTQ \
      -trimmed \
      -S ./ecoli-80.seqStore \
      -o ./ecoli-80.trimmedReads.gz \
      -fasta \
      -trimmed -normal -nolibname \
    > ./ecoli-80.trimmedReads.fasta.err 2>&1

-- Finished on Mon Oct 17 18:07:38 2022 (one second) with 757.356 GB free disk space
----------------------------------------
--
-- Trimmed reads saved in 'ecoli-80.trimmedReads.fasta.gz'.
-- Finished stage 'cor-dumpTrimmedReads', reset canuIteration.
--
-- BEGIN ASSEMBLY
----------------------------------------
-- Starting command on Mon Oct 17 18:07:38 2022 with 757.356 GB free disk space

    cd unitigging/0-mercounts
    ./meryl-configure.sh \
    > ./meryl-configure.err 2>&1

-- Finished on Mon Oct 17 18:07:38 2022 (furiously fast) with 757.356 GB free disk space
----------------------------------------
--  segments   memory batches
--  -------- -------- -------
--        01  0.27 GB       2
--
--  For 8040 reads with 66622010 bases, limit to 1 batch.
--  Will count kmers using 01 jobs, each using 2 GB and 4 threads.
--
-- Finished stage 'merylConfigure', reset canuIteration.
--
-- Running jobs.  First attempt out of 2.
----------------------------------------
-- Starting 'meryl' concurrent execution on Mon Oct 17 18:07:38 2022 with 757.356 GB free disk space (1 processes; 2 concurrently)

    cd unitigging/0-mercounts
    ./meryl-count.sh 1 > ./meryl-count.000001.out 2>&1

-- Finished on Mon Oct 17 18:07:43 2022 (5 seconds) with 757.292 GB free disk space
----------------------------------------
-- Found 1 Kmer counting (meryl) outputs.
-- Finished stage 'utg-merylCountCheck', reset canuIteration.
--
-- Running jobs.  First attempt out of 2.
----------------------------------------
-- Starting 'meryl' concurrent execution on Mon Oct 17 18:07:43 2022 with 757.292 GB free disk space (1 processes; 2 concurrently)

    cd unitigging/0-mercounts
    ./meryl-process.sh 1 > ./meryl-process.000001.out 2>&1

-- Finished on Mon Oct 17 18:07:44 2022 (one second) with 757.321 GB free disk space
----------------------------------------
-- Meryl finished successfully.  Kmer frequency histogram:
--
--  22-mers                                                                                           Fraction
--    Occurrences   NumMers                                                                         Unique Total
--       1-     1         0                                                                        0.0000 0.0000
--       2-     2    490724 *******************                                                    0.0911 0.0156
--       3-     4    402179 ***************                                                        0.1346 0.0267
--       5-     7    516862 ********************                                                   0.1954 0.0501
--       8-    11   1149972 *********************************************                          0.3024 0.1150
--      12-    16   1776685 ********************************************************************** 0.5467 0.3378
--      17-    22    901876 ***********************************                                    0.8502 0.7219
--      23-    29    120685 ****                                                                   0.9798 0.9399
--      30-    37     11778                                                                        0.9947 0.9725
--      38-    46      4356                                                                        0.9966 0.9779
--      47-    56      3442                                                                        0.9974 0.9809
--      57-    67      2281                                                                        0.9980 0.9835
--      68-    79      1498                                                                        0.9984 0.9856
--      80-    92      2829                                                                        0.9987 0.9874
--      93-   106      1895                                                                        0.9992 0.9914
--     107-   121      1095                                                                        0.9996 0.9943
--     122-   137       173                                                                        0.9997 0.9961
--     138-   154       210                                                                        0.9998 0.9965
--     155-   172       570                                                                        0.9998 0.9970
--     173-   191       353                                                                        0.9999 0.9985
--     192-   211         3                                                                        1.0000 0.9995
--     212-   232         6                                                                        1.0000 0.9995
--     233-   254         4                                                                        1.0000 0.9995
--     255-   277         2                                                                        1.0000 0.9995
--     278-   301         1                                                                        1.0000 0.9995
--     302-   326         1                                                                        1.0000 0.9995
--     327-   352         6                                                                        1.0000 0.9995
--     353-   379         2                                                                        1.0000 0.9996
--     380-   407         5                                                                        1.0000 0.9996
--     408-   436         0                                                                        0.0000 0.0000
--     437-   466         1                                                                        1.0000 0.9996
--     467-   497         3                                                                        1.0000 0.9996
--     498-   529         1                                                                        1.0000 0.9996
--     530-   562         5                                                                        1.0000 0.9996
--     563-   596         3                                                                        1.0000 0.9997
--     597-   631        11                                                                        1.0000 0.9997
--     632-   667         1                                                                        1.0000 0.9998
--     668-   704         1                                                                        1.0000 0.9998
--     705-   742         2                                                                        1.0000 0.9998
--     743-   781         2                                                                        1.0000 0.9999
--
--           0 (max occurrences)
--    63008828 (total mers, non-unique)
--     5389531 (distinct mers, non-unique)
--           0 (unique mers)
-- Finished stage 'meryl-process', reset canuIteration.
--
-- Removing meryl database 'unitigging/0-mercounts/ecoli-80.ms22'.
--
-- OVERLAPPER (normal) (assembly) erate=0.045
--
----------------------------------------
-- Starting command on Mon Oct 17 18:07:45 2022 with 757.356 GB free disk space

    cd unitigging/1-overlapper
    /Users/student/genome_assembly/canu-2.2/bin/overlapInCorePartition \
     -S  ../../ecoli-80.seqStore \
     -hl 80000000 \
     -rl 1000000000 \
     -ol 500 \
     -o  ./ecoli-80.partition \
    > ./ecoli-80.partition.err 2>&1

-- Finished on Mon Oct 17 18:07:45 2022 (furiously fast) with 757.356 GB free disk space
----------------------------------------
--
-- Configured 1 overlapInCore jobs.
-- Finished stage 'utg-overlapConfigure', reset canuIteration.
--
-- Running jobs.  First attempt out of 2.
----------------------------------------
-- Starting 'utgovl' concurrent execution on Mon Oct 17 18:07:45 2022 with 757.356 GB free disk space (1 processes; 1 concurrently)

    cd unitigging/1-overlapper
    ./overlap.sh 1 > ./overlap.000001.out 2>&1

-- Finished on Mon Oct 17 18:08:28 2022 (43 seconds) with 757.354 GB free disk space
----------------------------------------
-- Found 1 overlapInCore output files.
--
-- overlapInCore compute 'unitigging/1-overlapper':
--   kmer hits
--     with no overlap           345914      345914 +- 0
--     with an overlap           111737      111737 +- 0
--
--   overlaps                    111737      111737 +- 0
--     contained                  51726       51726 +- 0
--     dovetail                   60011       60011 +- 0
--
--   overlaps rejected
--     multiple per pair              0           0 +- 0
--     bad short window               0           0 +- 0
--     bad long window                0           0 +- 0
-- Finished stage 'utg-overlapCheck', reset canuIteration.
----------------------------------------
-- Starting command on Mon Oct 17 18:08:28 2022 with 757.354 GB free disk space

    cd unitigging
    /Users/student/genome_assembly/canu-2.2/bin/ovStoreConfig \
     -S ../ecoli-80.seqStore \
     -M 3 \
     -L ./1-overlapper/ovljob.files \
     -create ./ecoli-80.ovlStore.config \
     > ./ecoli-80.ovlStore.config.txt \
    2> ./ecoli-80.ovlStore.config.err

-- Finished on Mon Oct 17 18:08:28 2022 (fast as lightning) with 757.354 GB free disk space
----------------------------------------
--
-- Creating overlap store unitigging/ecoli-80.ovlStore using:
--      1 bucket
--      2 slices
--        using at most 1 GB memory each
-- Finished stage 'utg-overlapStoreConfigure', reset canuIteration.
--
-- Running jobs.  First attempt out of 2.
----------------------------------------
-- Starting 'ovB' concurrent execution on Mon Oct 17 18:08:28 2022 with 757.354 GB free disk space (1 processes; 4 concurrently)

    cd unitigging/ecoli-80.ovlStore.BUILDING
    ./scripts/1-bucketize.sh 1 > ./logs/1-bucketize.000001.out 2>&1

-- Finished on Mon Oct 17 18:08:29 2022 (one second) with 757.35 GB free disk space
----------------------------------------
-- Overlap store bucketizer finished.
-- Finished stage 'utg-overlapStoreBucketizerCheck', reset canuIteration.
--
-- Running jobs.  First attempt out of 2.
----------------------------------------
-- Starting 'ovS' concurrent execution on Mon Oct 17 18:08:29 2022 with 757.35 GB free disk space (2 processes; 2 concurrently)

    cd unitigging/ecoli-80.ovlStore.BUILDING
    ./scripts/2-sort.sh 1 > ./logs/2-sort.000001.out 2>&1
    ./scripts/2-sort.sh 2 > ./logs/2-sort.000002.out 2>&1

-- Finished on Mon Oct 17 18:08:29 2022 (lickety-split) with 757.349 GB free disk space
----------------------------------------
-- Overlap store sorter finished.
-- Finished stage 'utg-overlapStoreSorterCheck', reset canuIteration.
----------------------------------------
-- Starting command on Mon Oct 17 18:08:29 2022 with 757.349 GB free disk space

    cd unitigging
    /Users/student/genome_assembly/canu-2.2/bin/ovStoreIndexer \
      -O  ./ecoli-80.ovlStore.BUILDING \
      -S ../ecoli-80.seqStore \
      -C  ./ecoli-80.ovlStore.config \
      -delete \
    > ./ecoli-80.ovlStore.BUILDING.index.err 2>&1

-- Finished on Mon Oct 17 18:08:29 2022 (furiously fast) with 757.349 GB free disk space
----------------------------------------
-- Overlap store indexer finished.
-- Checking store.
----------------------------------------
-- Starting command on Mon Oct 17 18:08:29 2022 with 757.349 GB free disk space

    cd unitigging
    /Users/student/genome_assembly/canu-2.2/bin/ovStoreDump \
     -S ../ecoli-80.seqStore \
     -O  ./ecoli-80.ovlStore \
     -counts \
     > ./ecoli-80.ovlStore/counts.dat 2> ./ecoli-80.ovlStore/counts.err

-- Finished on Mon Oct 17 18:08:29 2022 (fast as lightning) with 757.349 GB free disk space
----------------------------------------
--
-- Overlap store 'unitigging/ecoli-80.ovlStore' successfully constructed.
-- Found 223474 overlaps for 8040 reads; 2003 reads have no overlaps.
--
--
-- Purged 0.002 GB in 3 overlap output files.
----------------------------------------
-- Starting command on Mon Oct 17 18:08:29 2022 with 757.351 GB free disk space

    cd unitigging
    /Users/student/genome_assembly/canu-2.2/bin/ovStoreStats \
     -C 13.87 \
     -S ../ecoli-80.seqStore \
     -O  ./ecoli-80.ovlStore \
     -o  ./ecoli-80.ovlStore \
     > ./ecoli-80.ovlStore.summary.err 2>&1

-- Finished on Mon Oct 17 18:08:29 2022 (furiously fast) with 757.351 GB free disk space
----------------------------------------
--
-- Overlap store 'unitigging/ecoli-80.ovlStore' contains:
--
--   category            reads     %          read length        feature size or coverage  analysis
--   ----------------  -------  -------  ----------------------  ------------------------  --------------------
--   middle-missing          5    0.06    17664.20 +- 5402.43        251.00 +- 201.11     (bad trimming)
--   middle-hump             1    0.01     2671.00 +- 0.00           731.00 +- 0.00       (bad trimming)
--   no-5-prime              3    0.04    15139.33 +- 1593.99        249.67 +- 315.79     (bad trimming)
--   no-3-prime              4    0.05    10553.00 +- 7416.46        318.00 +- 252.98     (bad trimming)
--   
--   low-coverage           10    0.12     1962.00 +- 542.25           2.90 +- 0.98       (easy to assemble, potential for lower quality consensus)
--   unique               6408   79.70     7603.23 +- 5862.54         14.16 +- 3.57       (easy to assemble, perfect, yay)
--   repeat-cont            68    0.85     2301.03 +- 1636.14         41.78 +- 24.15      (potential for consensus errors, no impact on assembly)
--   repeat-dove             0    0.00        0.00 +- 0.00             0.00 +- 0.00       (hard to assemble, likely won't assemble correctly or even at all)
--   
--   span-repeat          1029   12.80    12524.10 +- 6791.48       2431.55 +- 3253.16    (read spans a large repeat, usually easy to assemble)
--   uniq-repeat-cont      414    5.15     7331.87 +- 4849.19                             (should be uniquely placed, low potential for consensus errors, no impact on assembly)
--   uniq-repeat-dove       93    1.16    17082.39 +- 5098.36                             (will end contigs, potential to misassemble)
--   uniq-anchor             5    0.06     6893.00 +- 4035.42       3388.60 +- 2990.85    (repeat read, with unique section, probable bad read)
-- Finished stage 'utg-createOverlapStore', reset canuIteration.
--
-- Loading read lengths.
-- Loading number of overlaps per read.
--
-- Configure RED for 8gb memory.
--                   Batches of at most (unlimited) reads.
--                                      500000000 bases.
--                   Expecting evidence of at most 536870912 bases per iteration.
--
--           Total                                               Reads                 Olaps Evidence
--    Job   Memory      Read Range         Reads        Bases   Memory        Olaps   Memory   Memory  (Memory in MB)
--   ---- -------- ------------------- --------- ------------ -------- ------------ -------- --------
--      1  8192.93         1-5621           5472     41937583  5119.51       124405     1.42  1024.00
--      2  7227.24      5622-10043          4307     34029299  4154.10        99069     1.13  1024.00
--   ---- -------- ------------------- --------- ------------ -------- ------------ -------- --------
--                                                   75966882                223474
-- Finished stage 'readErrorDetectionConfigure', reset canuIteration.
--
-- Running jobs.  First attempt out of 2.
----------------------------------------
-- Starting 'red' concurrent execution on Mon Oct 17 18:08:29 2022 with 757.351 GB free disk space (2 processes; 2 concurrently)

    cd unitigging/3-overlapErrorAdjustment
    ./red.sh 1 > ./red.000001.out 2>&1
    ./red.sh 2 > ./red.000002.out 2>&1

-- Finished on Mon Oct 17 18:08:38 2022 (9 seconds) with 757.348 GB free disk space
----------------------------------------
-- Found 2 read error detection output files.
-- Finished stage 'readErrorDetectionCheck', reset canuIteration.
--
-- Loading read lengths.
-- Loading number of overlaps per read.
--
-- Configure OEA for 8gb memory.
--                   Batches of at most (unlimited) reads.
--                                      300000000 bases.
--
--           Total                                               Reads                 Olaps  Adjusts
--    Job   Memory      Read Range         Reads        Bases   Memory        Olaps   Memory   Memory  (Memory in MB)
--   ---- -------- ------------------- --------- ------------ -------- ------------ -------- --------
--      1  2461.21         1-10043          9779     75966882    80.75       223474     6.82   325.64
--   ---- -------- ------------------- --------- ------------ -------- ------------ -------- --------
--                                                   75966882                223474
-- Finished stage 'overlapErrorAdjustmentConfigure', reset canuIteration.
--
-- Running jobs.  First attempt out of 2.
----------------------------------------
-- Starting 'oea' concurrent execution on Mon Oct 17 18:08:38 2022 with 757.348 GB free disk space (1 processes; 2 concurrently)

    cd unitigging/3-overlapErrorAdjustment
    ./oea.sh 1 > ./oea.000001.out 2>&1

-- Finished on Mon Oct 17 18:08:41 2022 (3 seconds) with 757.348 GB free disk space
----------------------------------------
-- Found 1 overlap error adjustment output files.
-- Finished stage 'overlapErrorAdjustmentCheck', reset canuIteration.
----------------------------------------
-- Starting command on Mon Oct 17 18:08:41 2022 with 757.348 GB free disk space

    cd unitigging/3-overlapErrorAdjustment
    /Users/student/genome_assembly/canu-2.2/bin/loadErates \
      -S ../../ecoli-80.seqStore \
      -O ../ecoli-80.ovlStore \
      -L ./oea.files \
    > ./oea.apply.err 2>&1

-- Finished on Mon Oct 17 18:08:41 2022 (lickety-split) with 757.348 GB free disk space
----------------------------------------
-- No report available.
-- Finished stage 'updateOverlapStore', reset canuIteration.
-- Finished stage 'unitig', reset canuIteration.
--
-- Running jobs.  First attempt out of 2.
----------------------------------------
-- Starting 'bat' concurrent execution on Mon Oct 17 18:08:41 2022 with 757.348 GB free disk space (1 processes; 1 concurrently)

    cd unitigging/4-unitigger
    ./unitigger.sh 1 > ./unitigger.000001.out 2>&1

-- Finished on Mon Oct 17 18:08:42 2022 (one second) with 757.346 GB free disk space
----------------------------------------
-- Unitigger finished successfully.
--  
--  ERROR RATES
--  -----------
--                                                   --------threshold------
--  9001                         fraction error      fraction        percent
--  samples                              (1e-5)         error          error
--                   --------------------------      --------       --------
--  command line (-eg)                           ->   4500.00        4.5000%
--  command line (-ef)                           ->  -----.--      ---.----%
--  command line (-eM)                           ->   4500.00        4.5000%
--  mean + std.dev     140.29 +-  12 *   136.11  ->   1773.60        1.7736%
--  median + mad       112.00 +-  12 *    96.00  ->   1819.96        1.8200%  (enabled)
--  90th percentile                              ->    317.00        0.3170%
--  
--  BEST EDGE FILTERING
--  -------------------
--  At graph threshold 4.5000%, reads:
--    available to have edges:          970
--    with at least one edge:           969
--  
--  At max threshold 4.5000%, reads:  (not computed)
--    available to have edges:            0
--    with at least one edge:             0
--  
--  At tight threshold 1.8200%, reads with:
--    both edges below error threshold:       969  (80.00% minReadsBest threshold = 775)
--    one  edge  above error threshold:         0
--    both edges above error threshold:         0
--    at least one edge:                      969
--  
--  At loose threshold 1.7736%, reads with:
--    both edges below error threshold:       969  (80.00% minReadsBest threshold = 775)
--    one  edge  above error threshold:         0
--    both edges above error threshold:         0
--    at least one edge:                      969
--  
--  
--  INITIAL EDGES
--  -------- ----------------------------------------
--      7044 reads are contained
--      2022 reads have no best edges (singleton)
--        19 reads have only one best edge (spur) 
--                 19 are mutual best
--       958 reads have two best edges 
--                  1 have one mutual best edge
--                957 have two mutual best edges
--  
--  
--  FINAL EDGES
--  -------- ----------------------------------------
--      7044 reads are contained
--      2023 reads have no best edges (singleton)
--        19 reads have only one best edge (spur) 
--                 19 are mutual best
--       957 reads have two best edges 
--                  1 have one mutual best edge
--                956 have two mutual best edges
--  
--  
--  EDGE FILTERING
--  -------- ------------------------------------------
--         0 reads are ignored
--        18 reads have a gap in overlap coverage
--         1 reads have lopsided best edges
-- Found, in version 1, after unitig construction:
--   contigs:      11 sequences, total length 4668355 bp (including 0 repeats of total length 0 bp).
--   bubbles:      0 sequences, total length 0 bp.
--   unassembled:  21 sequences, total length 257840 bp.
--
-- Contig sizes based on genome size 4.8mbp:
--
--            NG (bp)  LG (contigs)    sum (bp)
--         ----------  ------------  ----------
--     10      994770             1      994770
--     20      994770             1      994770
--     30      790107             2     1784877
--     40      628492             3     2413369
--     50      628492             3     2413369
--     60      504483             4     2917852
--     70      470573             5     3388425
--     80      299033             7     4059503
--     90      264052             8     4323555
--
-- Finished stage 'unitigCheck', reset canuIteration.
----------------------------------------
-- Starting command on Mon Oct 17 18:08:42 2022 with 757.346 GB free disk space

    cd unitigging
    /Users/student/genome_assembly/canu-2.2/bin/utgcns \
      -S ../ecoli-80.seqStore \
      -T  ./ecoli-80.ctgStore 1 \
      -partition 0.8 1 0.1 \
    > ./ecoli-80.ctgStore/partitioning.log 2>&1

-- Finished on Mon Oct 17 18:08:43 2022 (one second) with 757.307 GB free disk space
----------------------------------------
-- Using slow alignment for consensus (iteration '0').
-- Configured 8 consensus jobs.
-- Finished stage 'consensusConfigure', reset canuIteration.
--
-- Local: cns        1.375 GB    4 CPUs x   2 jobs     2.750 GB   8 CPUs  (consensus)
--
--
-- Running jobs.  First attempt out of 2.
----------------------------------------
-- Starting 'cns' concurrent execution on Mon Oct 17 18:08:43 2022 with 757.307 GB free disk space (8 processes; 2 concurrently)

    cd unitigging/5-consensus
    ./consensus.sh 1 > ./consensus.000001.out 2>&1
    ./consensus.sh 2 > ./consensus.000002.out 2>&1
    ./consensus.sh 3 > ./consensus.000003.out 2>&1
    ./consensus.sh 4 > ./consensus.000004.out 2>&1
    ./consensus.sh 5 > ./consensus.000005.out 2>&1
    ./consensus.sh 6 > ./consensus.000006.out 2>&1
    ./consensus.sh 7 > ./consensus.000007.out 2>&1
    ./consensus.sh 8 > ./consensus.000008.out 2>&1

-- Finished on Mon Oct 17 18:09:12 2022 (29 seconds) with 757.293 GB free disk space
----------------------------------------
-- Using slow alignment for consensus (iteration '1').
-- Configured 8 consensus jobs.
-- All 8 consensus jobs finished successfully.
-- Finished stage 'consensusCheck', reset canuIteration.
-- Using slow alignment for consensus (iteration '0').
-- Configured 8 consensus jobs.
----------------------------------------
-- Starting command on Mon Oct 17 18:09:12 2022 with 757.293 GB free disk space

    cd unitigging
    /Users/student/genome_assembly/canu-2.2/bin/tgStoreLoad \
      -S ../ecoli-80.seqStore \
      -T  ./ecoli-80.ctgStore 2 \
      -L ./5-consensus/ctgcns.files \
    > ./5-consensus/ctgcns.files.ctgStoreLoad.err 2>&1

-- Finished on Mon Oct 17 18:09:12 2022 (lickety-split) with 757.283 GB free disk space
----------------------------------------
-- Purging consensus output after loading to ctgStore.
-- Purged 8 .cns outputs.
----------------------------------------
-- Starting command on Mon Oct 17 18:09:12 2022 with 757.297 GB free disk space

    cd unitigging
    /Users/student/genome_assembly/canu-2.2/bin/tgStoreDump \
      -S ../ecoli-80.seqStore \
      -T ./ecoli-80.ctgStore 2 \
      -sizes -s 4800000 \
    > ./ecoli-80.ctgStore/seqDB.v002.sizes.txt

-- Finished on Mon Oct 17 18:09:12 2022 (lickety-split) with 757.297 GB free disk space
----------------------------------------
-- Found, in version 2, after consensus generation:
--   contigs:      11 sequences, total length 4651955 bp (including 0 repeats of total length 0 bp).
--   bubbles:      0 sequences, total length 0 bp.
--   unassembled:  21 sequences, total length 257840 bp.
--
-- Contig sizes based on genome size 4.8mbp:
--
--            NG (bp)  LG (contigs)    sum (bp)
--         ----------  ------------  ----------
--     10      990898             1      990898
--     20      990898             1      990898
--     30      787390             2     1778288
--     40      626316             3     2404604
--     50      626316             3     2404604
--     60      502683             4     2907287
--     70      469218             5     3376505
--     80      297776             7     4045016
--     90      185783             9     4493892
--
-- Finished stage 'consensusLoad', reset canuIteration.
----------------------------------------
-- Starting command on Mon Oct 17 18:09:12 2022 with 757.297 GB free disk space

    cd .
    /Users/student/genome_assembly/canu-2.2/bin/tgStoreDump \
      -S ./ecoli-80.seqStore \
      -T ./unitigging/ecoli-80.ctgStore 2 \
      -o ./ecoli-80.contigs \
      -layout \
    > ./ecoli-80.contigs.layout.err 2>&1

-- Finished on Mon Oct 17 18:09:12 2022 (in the blink of an eye) with 757.297 GB free disk space
----------------------------------------
----------------------------------------
-- Starting command on Mon Oct 17 18:09:12 2022 with 757.297 GB free disk space

    cd .
    /Users/student/genome_assembly/canu-2.2/bin/tgStoreDump \
      -S ./ecoli-80.seqStore \
      -T ./unitigging/ecoli-80.ctgStore 2 \
      -consensus -fasta \
      -unassembled \
    > ./ecoli-80.unassembled.fasta
    2> ./ecoli-80.unassembled.err

-- Finished on Mon Oct 17 18:09:12 2022 (furiously fast) with 757.297 GB free disk space
----------------------------------------
----------------------------------------
-- Starting command on Mon Oct 17 18:09:12 2022 with 757.297 GB free disk space

    cd .
    /Users/student/genome_assembly/canu-2.2/bin/tgStoreDump \
      -S ./ecoli-80.seqStore \
      -T ./unitigging/ecoli-80.ctgStore 2 \
      -consensus -fasta \
      -contigs \
    > ./ecoli-80.contigs.fasta
    2> ./ecoli-80.contigs.err

-- Finished on Mon Oct 17 18:09:12 2022 (in the blink of an eye) with 757.293 GB free disk space
----------------------------------------
-- Finished stage 'generateOutputs', reset canuIteration.
--
-- Assembly 'ecoli-80' finished in '/Users/student/genome_assembly/canu-2.2/ecoli-pacbio-80'.
--
-- Summary saved in 'ecoli-80.report'.
--
-- Sequences saved:
--   Contigs       -> 'ecoli-80.contigs.fasta'
--   Unassembled   -> 'ecoli-80.unassembled.fasta'
--
-- Read layouts saved:
--   Contigs       -> 'ecoli-80.contigs.layout'.
--
-- Bye.
