
Found perl:
   /usr/bin/perl
   This is perl 5, version 18, subversion 4 (v5.18.4) built for darwin-thread-multi-2level

Found java:
   /Users/student/miniconda/bin/java
   openjdk version "11.0.13" 2021-10-19

Found canu:
   /Users/student/genome_assembly/canu-2.2/bin/canu
   canu 2.2

Running job 2 based on command line options.
Read_Frags()-- Loading target reads 5622 through 10043 with 29995549 bases.
Read_Frags()-- 1.592 GB for bases, votes and info.

Read_Olaps()-- Loading 99069 overlaps.
Read_Olaps()-- 0.001 GB for overlaps..

extractReads()-- Loading reads 1 to 10043 (8030 reads with 66612600 bases) overlaps 0 through 99069.
extractReads()-- Loaded.
processReads()-- Launching compute.
processReads()-- Waiting for compute.

Passed overlaps =      98851  99.7800%
Failed overlaps =        218   0.2200%
Output file: ./00002.red.WORKING

Bye.
