
Found perl:
   /usr/bin/perl
   This is perl 5, version 18, subversion 4 (v5.18.4) built for darwin-thread-multi-2level

Found java:
   /Users/student/miniconda/bin/java
   openjdk version "11.0.13" 2021-10-19

Found canu:
   /Users/student/genome_assembly/canu-2.2/bin/canu
   canu 2.2

Running job 1 based on command line options.
sqCache: found 9779 corrected reads with 88237602 bases.
Initializing 8 work areas.
Loading reference reads 1-9146 inclusive.
Loading 8907 reads and 80004817 bases from range 1-9146 inclusive.
Loading        1 <     4567 <     9146 -   49.93% - 0.01 GBLoading        1 <     9134 <     9146 -   99.87% - 0.02 GBLoading        1 <     9146 <     9146 -  100.00% - 0.02 GB
Build_Hash_Index from 1 to 9146

Found 8907 reads with length 80013724 to load; 239 skipped by being too short; 0 skipped per library restriction
String_Ct:           0/        9146  totalLen:        5998/    80013724  Hash_Entries:        5976/    70464307  Load: 0.01%
HASH LOADING STOPPED: curID            9146 out of         9146
HASH LOADING STOPPED: length       80013724 out of     80013724 max.
HASH LOADING STOPPED: entries      27024658 out of     70464307 max (load 30.68).

Read 586 kmers to mark to skip


Range: 1-9146.  Store has 10043 reads.
Chunk: 143 reads/thread -- (G.endRefID=9146 - G.bgnRefID=1) / G.Num_PThreads=8 / 8

Starting 1-9146 with 143 per thread

Thread 07 processes reads 1002-1144
Thread 01 processes reads 144-286
Thread 06 processes reads 859-1001
Thread 03 processes reads 430-572
Thread 00 processes reads 1-143
Thread 05 processes reads 716-858
Thread 02 processes reads 287-429
Thread 04 processes reads 573-715
Thread 07 writes    reads 1002-1144 (3255 overlaps 3255/8663/0 kmer hits with/without overlap/skipped)
Thread 07 processes reads 1145-1287
Thread 04 writes    reads 573-715 (4375 overlaps 4375/15195/0 kmer hits with/without overlap/skipped)
Thread 04 processes reads 1288-1430
Thread 01 writes    reads 144-286 (4394 overlaps 4394/12136/0 kmer hits with/without overlap/skipped)
Thread 01 processes reads 1431-1573
Thread 02 writes    reads 287-429 (3728 overlaps 3728/12378/0 kmer hits with/without overlap/skipped)
Thread 02 processes reads 1574-1716
Thread 06 writes    reads 859-1001 (3980 overlaps 3980/12929/0 kmer hits with/without overlap/skipped)
Thread 06 processes reads 1717-1859
Thread 05 writes    reads 716-858 (4163 overlaps 4163/11431/0 kmer hits with/without overlap/skipped)
Thread 05 processes reads 1860-2002
Thread 03 writes    reads 430-572 (4301 overlaps 4301/11897/0 kmer hits with/without overlap/skipped)
Thread 03 processes reads 2003-2145
Thread 00 writes    reads 1-143 (4724 overlaps 4724/14490/0 kmer hits with/without overlap/skipped)
Thread 00 processes reads 2146-2288
Thread 07 writes    reads 1145-1287 (4192 overlaps 4192/10779/0 kmer hits with/without overlap/skipped)
Thread 07 processes reads 2289-2431
Thread 02 writes    reads 1574-1716 (3347 overlaps 3347/10626/0 kmer hits with/without overlap/skipped)
Thread 02 processes reads 2432-2574
Thread 03 writes    reads 2003-2145 (2848 overlaps 2848/9948/0 kmer hits with/without overlap/skipped)
Thread 03 processes reads 2575-2717
Thread 00 writes    reads 2146-2288 (3439 overlaps 3439/8183/0 kmer hits with/without overlap/skipped)
Thread 00 processes reads 2718-2860
Thread 05 writes    reads 1860-2002 (3715 overlaps 3715/10167/0 kmer hits with/without overlap/skipped)
Thread 05 processes reads 2861-3003
Thread 04 writes    reads 1288-1430 (5167 overlaps 5167/11897/0 kmer hits with/without overlap/skipped)
Thread 04 processes reads 3004-3146
Thread 01 writes    reads 1431-1573 (4089 overlaps 4089/13212/0 kmer hits with/without overlap/skipped)
Thread 01 processes reads 3147-3289
Thread 06 writes    reads 1717-1859 (4440 overlaps 4440/8089/0 kmer hits with/without overlap/skipped)
Thread 06 processes reads 3290-3432
Thread 02 writes    reads 2432-2574 (3640 overlaps 3640/8036/0 kmer hits with/without overlap/skipped)
Thread 02 processes reads 3433-3575
Thread 06 writes    reads 3290-3432 (2941 overlaps 2941/6893/0 kmer hits with/without overlap/skipped)
Thread 06 processes reads 3576-3718
Thread 07 writes    reads 2289-2431 (3350 overlaps 3350/12659/0 kmer hits with/without overlap/skipped)
Thread 07 processes reads 3719-3861
Thread 05 writes    reads 2861-3003 (3606 overlaps 3606/9616/0 kmer hits with/without overlap/skipped)
Thread 05 processes reads 3862-4004
Thread 03 writes    reads 2575-2717 (2756 overlaps 2756/8609/0 kmer hits with/without overlap/skipped)
Thread 03 processes reads 4005-4147
Thread 01 writes    reads 3147-3289 (3121 overlaps 3121/7931/0 kmer hits with/without overlap/skipped)
Thread 01 processes reads 4148-4290
Thread 00 writes    reads 2718-2860 (3510 overlaps 3510/9291/0 kmer hits with/without overlap/skipped)
Thread 00 processes reads 4291-4433
Thread 04 writes    reads 3004-3146 (4121 overlaps 4121/11368/0 kmer hits with/without overlap/skipped)
Thread 04 processes reads 4434-4576
Thread 02 writes    reads 3433-3575 (2314 overlaps 2314/7741/0 kmer hits with/without overlap/skipped)
Thread 02 processes reads 4577-4719
Thread 01 writes    reads 4148-4290 (2382 overlaps 2382/6572/0 kmer hits with/without overlap/skipped)
Thread 01 processes reads 4720-4862
Thread 06 writes    reads 3576-3718 (2627 overlaps 2627/7391/0 kmer hits with/without overlap/skipped)
Thread 06 processes reads 4863-5005
Thread 07 writes    reads 3719-3861 (2941 overlaps 2941/8968/0 kmer hits with/without overlap/skipped)
Thread 07 processes reads 5006-5148
Thread 03 writes    reads 4005-4147 (2316 overlaps 2316/9628/0 kmer hits with/without overlap/skipped)
Thread 03 processes reads 5149-5291
Thread 05 writes    reads 3862-4004 (2812 overlaps 2812/7458/0 kmer hits with/without overlap/skipped)
Thread 05 processes reads 5292-5434
Thread 00 writes    reads 4291-4433 (2509 overlaps 2509/8240/0 kmer hits with/without overlap/skipped)
Thread 00 processes reads 5435-5577
Thread 04 writes    reads 4434-4576 (2307 overlaps 2307/7392/0 kmer hits with/without overlap/skipped)
Thread 04 processes reads 5578-5720
Thread 01 writes    reads 4720-4862 (1821 overlaps 1821/4937/0 kmer hits with/without overlap/skipped)
Thread 01 processes reads 5721-5863
Thread 03 writes    reads 5149-5291 (1930 overlaps 1930/4986/0 kmer hits with/without overlap/skipped)
Thread 03 processes reads 5864-6006
Thread 06 writes    reads 4863-5005 (1892 overlaps 1892/4657/0 kmer hits with/without overlap/skipped)
Thread 06 processes reads 6007-6149
Thread 07 writes    reads 5006-5148 (1922 overlaps 1922/6187/0 kmer hits with/without overlap/skipped)
Thread 07 processes reads 6150-6292
Thread 02 writes    reads 4577-4719 (2439 overlaps 2439/6355/0 kmer hits with/without overlap/skipped)
Thread 02 processes reads 6293-6435
Thread 05 writes    reads 5292-5434 (2058 overlaps 2058/6304/0 kmer hits with/without overlap/skipped)
Thread 05 processes reads 6436-6578
Thread 04 writes    reads 5578-5720 (1603 overlaps 1603/5563/0 kmer hits with/without overlap/skipped)
Thread 04 processes reads 6579-6721
Thread 00 writes    reads 5435-5577 (1928 overlaps 1928/5025/0 kmer hits with/without overlap/skipped)
Thread 00 processes reads 6722-6864
Thread 01 writes    reads 5721-5863 (1713 overlaps 1713/4868/0 kmer hits with/without overlap/skipped)
Thread 01 processes reads 6865-7007
Thread 07 writes    reads 6150-6292 (1573 overlaps 1573/4829/0 kmer hits with/without overlap/skipped)
Thread 07 processes reads 7008-7150
Thread 03 writes    reads 5864-6006 (1526 overlaps 1526/4649/0 kmer hits with/without overlap/skipped)
Thread 03 processes reads 7151-7293
Thread 06 writes    reads 6007-6149 (1463 overlaps 1463/4106/0 kmer hits with/without overlap/skipped)
Thread 06 processes reads 7294-7436
Thread 02 writes    reads 6293-6435 (1456 overlaps 1456/4043/0 kmer hits with/without overlap/skipped)
Thread 02 processes reads 7437-7579
Thread 05 writes    reads 6436-6578 (1162 overlaps 1162/3786/0 kmer hits with/without overlap/skipped)
Thread 05 processes reads 7580-7722
Thread 04 writes    reads 6579-6721 (1334 overlaps 1334/4501/0 kmer hits with/without overlap/skipped)
Thread 04 processes reads 7723-7865
Thread 00 writes    reads 6722-6864 (1394 overlaps 1394/4561/0 kmer hits with/without overlap/skipped)
Thread 00 processes reads 7866-8008
Thread 02 writes    reads 7437-7579 (820 overlaps 820/2476/0 kmer hits with/without overlap/skipped)
Thread 02 processes reads 8009-8151
Thread 07 writes    reads 7008-7150 (1256 overlaps 1256/3280/0 kmer hits with/without overlap/skipped)
Thread 07 processes reads 8152-8294
Thread 01 writes    reads 6865-7007 (1095 overlaps 1095/4136/0 kmer hits with/without overlap/skipped)
Thread 01 processes reads 8295-8437
Thread 06 writes    reads 7294-7436 (1156 overlaps 1156/2793/0 kmer hits with/without overlap/skipped)
Thread 06 processes reads 8438-8580
Thread 03 writes    reads 7151-7293 (986 overlaps 986/3180/0 kmer hits with/without overlap/skipped)
Thread 03 processes reads 8581-8723
Thread 05 writes    reads 7580-7722 (792 overlaps 792/2093/0 kmer hits with/without overlap/skipped)
Thread 05 processes reads 8724-8866
Thread 04 writes    reads 7723-7865 (732 overlaps 732/2535/0 kmer hits with/without overlap/skipped)
Thread 04 processes reads 8867-9009
Thread 02 writes    reads 8009-8151 (452 overlaps 452/1760/0 kmer hits with/without overlap/skipped)
Thread 02 processes reads 9010-9146
Thread 00 writes    reads 7866-8008 (662 overlaps 662/1516/0 kmer hits with/without overlap/skipped)
Thread 03 writes    reads 8581-8723 (277 overlaps 277/955/0 kmer hits with/without overlap/skipped)
Thread 07 writes    reads 8152-8294 (493 overlaps 493/1132/0 kmer hits with/without overlap/skipped)
Thread 01 writes    reads 8295-8437 (437 overlaps 437/1183/0 kmer hits with/without overlap/skipped)
Thread 06 writes    reads 8438-8580 (347 overlaps 347/1079/0 kmer hits with/without overlap/skipped)
Thread 05 writes    reads 8724-8866 (247 overlaps 247/610/0 kmer hits with/without overlap/skipped)
Thread 04 writes    reads 8867-9009 (121 overlaps 121/432/0 kmer hits with/without overlap/skipped)
Thread 02 writes    reads 9010-9146 (37 overlaps 37/141/0 kmer hits with/without overlap/skipped)
Bye.
