
Found 1 command tree.

Counting 84 (estimated) million canonical 22-mers from 1 input file:
    canu-seqStore: ../../ecoli.seqStore


SIMPLE MODE
-----------

  Not possible.


COMPLEX MODE
------------

prefix     # of   struct   kmers/    segs/      min     data    total
  bits   prefix   memory   prefix   prefix   memory   memory   memory
------  -------  -------  -------  -------  -------  -------  -------
     1     2  P   462 kB    21 MM    28 kS  8192  B   227 MB   228 MB
     2     4  P   457 kB    10 MM    13 kS    16 kB   222 MB   223 MB
     3     8  P   459 kB  5426 kM  6955  S    32 kB   217 MB   217 MB
     4    16  P   474 kB  2713 kM  3393  S    64 kB   212 MB   212 MB
     5    32  P   514 kB  1356 kM  1654  S   128 kB   206 MB   207 MB
     6    64  P   605 kB   678 kM   806  S   256 kB   201 MB   202 MB
     7   128  P   797 kB   339 kM   393  S   512 kB   196 MB   197 MB
     8   256  P  1190 kB   169 kM   191  S  1024 kB   191 MB   192 MB
     9   512  P  1988 kB    84 kM    93  S  2048 kB   186 MB   187 MB
    10  1024  P  3600 kB    42 kM    46  S  4096 kB   184 MB   187 MB  Best Value!
    11  2048  P  6816 kB    21 kM    22  S  8192 kB   176 MB   182 MB
    12  4096  P    12 MB    10 kM    11  S    16 MB   176 MB   188 MB
    13  8192  P    25 MB  5427  M     6  S    32 MB   192 MB   217 MB
    14    16 kP    50 MB  2714  M     3  S    64 MB   192 MB   242 MB
    15    32 kP   101 MB  1357  M     2  S   128 MB   256 MB   357 MB
    16    64 kP   202 MB   679  M     1  S   256 MB   256 MB   458 MB
    17   128 kP   405 MB   340  M     1  S   512 MB   512 MB   917 MB
    18   256 kP   810 MB   170  M     1  S  1024 MB  1024 MB  1834 MB
    19   512 kP  1620 MB    85  M     1  S  2048 MB  2048 MB  3668 MB
    20  1024 kP  3240 MB    43  M     1  S  4096 MB  4096 MB  7336 MB


FINAL CONFIGURATION
-------------------

Estimated to require 367 MB memory out of 2048 MB allowed.
Estimated to require 2 batches.

Configured complex mode for 0.359 GB memory per batch, and up to 2 batches.

Start counting with THREADED method.

Cleaning up.

Bye.
