
Configuring for:
  hash table:       80000000 bases.
  read stream:    1000000000 bases.


       Raw          Raw  Corrected    Corrected    Trimmed      Trimmed
     Reads        Bases      Reads        Bases      Reads        Bases
---------- ------------ ---------- ------------ ---------- ------------
       322      2983018        266      2305135        266      2305135
       644      5727833        526      4513729        526      4513729
       966      8681187        789      6824041        789      6824041
      1288     11494320       1061      9104782       1061      9104782
      1610     14691858       1322     11616519       1322     11616519
      1932     17608757       1576     13800269       1576     13800269
      2254     20338539       1831     15882094       1831     15882094
      2576     23477555       2097     18217890       2097     18217890
      2898     26629318       2362     20530043       2362     20530043
      3220     29967970       2634     23050081       2634     23050081
      3542     32876247       2878     25132827       2878     25132827
      3864     35870397       3147     27561016       3147     27561016
      4186     38809274       3412     29939439       3412     29939439
      4508     41746733       3669     32298889       3669     32298889
      4830     44685886       3932     34660528       3932     34660528
      5152     47370788       4204     36793136       4204     36793136
      5474     50259745       4482     39155081       4482     39155081
      5796     53289948       4743     41512876       4743     41512876
      6118     56379943       5004     43798149       5004     43798149
      6440     59438711       5257     46095677       5257     46095677
      6762     62338265       5508     48329245       5508     48329245
      7084     65389644       5777     50649712       5777     50649712
      7406     68425844       6031     52963921       6031     52963921
      7728     71379697       6289     55240377       6289     55240377
      8050     74317166       6557     57513044       6557     57513044
      8372     77135546       6836     59758793       6836     59758793
      8694     80201574       7113     62249530       7113     62249530
      9016     83188077       7374     64565898       7374     64565898
      9338     86508091       7642     67238740       7642     67238740
      9660     89555613       7918     69758363       7918     69758363
      9982     92618172       8187     72339022       8187     72339022
     10304     95669522       8465     74879022       8465     74879022
     10626     98514287       8733     77192337       8733     77192337
     10948    101305344       8997     79429807       8997     79429807
     11270    104226465       9271     81785837       9271     81785837
     11592    107293647       9542     84218460       9542     84218460
     11914    110436000       9814     86799155       9814     86799155
     12236    113272191      10082     89070770      10082     89070770
---------- ------------ ---------- ------------ ---------- ------------
     12528    115899341      10330     91164215      10330     91164215

  Job       Hash Range        # Reads      # Bases      Stream Range        # Reads      # Bases
----- --------------------- --------- ------------  --------------------- --------- ------------
    1          1-11029           9065     80007317           1-11029          10330     91174545
    2      11030-12528           1265     11167228           1-12528          10330     91174545
