
Found perl:
   /usr/bin/perl
   This is perl 5, version 18, subversion 4 (v5.18.4) built for darwin-thread-multi-2level

Found java:
   /Users/student/miniconda/bin/java
   openjdk version "11.0.13" 2021-10-19

Found canu:
   /Users/student/genome_assembly/canu-2.2/bin/canu
   canu 2.2

Running job 2 based on command line options.

Attempting to increase maximum allowed processes and open files.
  Changed max processes per user from 2784 to 2784 (max 4176).
./scripts/2-sort.sh: line 78: [: unlimited: integer expression expected
  Max open files limited to 2560, no increase possible.


Finding overlaps.
  found       4811 overlaps in './ecoli-80.ovlStore.BUILDING/bucket0001/sliceSizes'.
  found       1130 overlaps in './ecoli-80.ovlStore.BUILDING/bucket0002/sliceSizes'.

Loading       5941 overlaps using 0.00 GB of allowed (-M) 1 GB memory.
  loading       4811 overlaps from './ecoli-80.ovlStore.BUILDING/bucket0001/slice0002'.
  loading       1130 overlaps from './ecoli-80.ovlStore.BUILDING/bucket0002/slice0002'.

Sorting.

Writing sorted overlaps.
  created './ecoli-80.ovlStore.BUILDING/0002' with 5941 overlaps for reads 9861 to 10043.

Removing bucketized overlaps.

Success!
