
Found perl:
   /usr/bin/perl
   This is perl 5, version 18, subversion 4 (v5.18.4) built for darwin-thread-multi-2level

Found java:
   /Users/student/miniconda/bin/java
   openjdk version "11.0.13" 2021-10-19

Found canu:
   /Users/student/genome_assembly/canu-2.2/bin/canu
   canu 2.2

Running job 2 based on command line options.
Read_Frags()-- Loading target reads 6015 through 11796 with 41854516 bases.
Read_Frags()-- 2.222 GB for bases, votes and info.

Read_Olaps()-- Loading 175891 overlaps.
Read_Olaps()-- 0.003 GB for overlaps..

extractReads()-- Loading reads 1 to 12528 (10222 reads with 88911156 bases) overlaps 0 through 175891.
extractReads()-- Loaded.
processReads()-- Launching compute.
processReads()-- Waiting for compute.

Passed overlaps =     175536  99.7982%
Failed overlaps =        355   0.2018%
Output file: ./00002.red.WORKING

Bye.
