
Found perl:
   /usr/bin/perl
   This is perl 5, version 18, subversion 4 (v5.18.4) built for darwin-thread-multi-2level

Found java:
   /Users/student/miniconda/bin/java
   openjdk version "11.0.13" 2021-10-19

Found canu:
   /Users/student/genome_assembly/canu-2.2/bin/canu
   canu 2.2

Running job 6 based on command line options.
-- Using seqFile '../ecoli-80.ctgStore/partition.0006'.
-- Opening tigStore '../ecoli-80.ctgStore' version 1.
-- Opening output results file './ctgcns/0006.cns.WORKING'.
--
-- Computing consensus for b=0 to e=33 with errorRate 0.0750 (max 0.4000) and minimum overlap 500
--
Loading corrected-trimmed reads from seqFile '../ecoli-80.ctgStore/partition.0006'
Consensus finished successfully.

Bye.
                           ----------CONTAINED READS----------  -DOVETAIL  READS-
  tigID    length   reads      used coverage  ignored coverage      used coverage
------- --------- -------  -------- -------- -------- --------  -------- --------
      6    372045     625       546   10.47x        0    0.00x        79    3.85x
      8    186243     264       239    8.89x        0    0.00x        25    2.77x

Processed 2 tigs and 0 singletons.

