
Found perl:
   /usr/bin/perl
   This is perl 5, version 18, subversion 4 (v5.18.4) built for darwin-thread-multi-2level

Found java:
   /Users/student/miniconda/bin/java
   openjdk version "11.0.13" 2021-10-19

Found canu:
   /Users/student/genome_assembly/canu-2.2/bin/canu
   canu 2.2

Running job 1 based on command line options.

Found 1 command tree.

Counting 89 (estimated) million canonical 16-mers from 1 input file:
    canu-seqStore: ../../ecoli-80.seqStore


SIMPLE MODE
-----------

  16-mers
    -> 4294967296 entries for counts up to 65535.
    -> 64 Gbits memory used

  93342989 input bases
    -> expected max count of 373371, needing 4 extra bits.
    -> 16 Gbits memory used

  10 GB memory needed


COMPLEX MODE
------------

prefix     # of   struct   kmers/    segs/      min     data    total
  bits   prefix   memory   prefix   prefix   memory   memory   memory
------  -------  -------  -------  -------  -------  -------  -------
     1     2  P   351 kB    22 MM    21 kS  8192  B   172 MB   172 MB
     2     4  P   346 kB    11 MM    10 kS    16 kB   166 MB   167 MB
     3     8  P   348 kB  5697 kM  5168  S    32 kB   161 MB   161 MB
     4    16  P   362 kB  2848 kM  2494  S    64 kB   155 MB   156 MB
     5    32  P   401 kB  1424 kM  1203  S   128 kB   150 MB   150 MB
     6    64  P   491 kB   712 kM   579  S   256 kB   144 MB   145 MB
     7   128  P   683 kB   356 kM   279  S   512 kB   139 MB   140 MB
     8   256  P  1076 kB   178 kM   134  S  1024 kB   134 MB   135 MB
     9   512  P  1876 kB    89 kM    65  S  2048 kB   130 MB   131 MB
    10  1024  P  3480 kB    44 kM    31  S  4096 kB   124 MB   127 MB  Best Value!
    11  2048  P  6704 kB    22 kM    15  S  8192 kB   120 MB   126 MB
    12  4096  P    12 MB    11 kM     7  S    16 MB   112 MB   124 MB
    13  8192  P    25 MB  5698  M     4  S    32 MB   128 MB   153 MB
    14    16 kP    50 MB  2849  M     2  S    64 MB   128 MB   178 MB
    15    32 kP   101 MB  1425  M     1  S   128 MB   128 MB   229 MB
    16    64 kP   202 MB   713  M     1  S   256 MB   256 MB   458 MB
    17   128 kP   405 MB   357  M     1  S   512 MB   512 MB   917 MB
    18   256 kP   810 MB   179  M     1  S  1024 MB  1024 MB  1834 MB
    19   512 kP  1620 MB    90  M     1  S  2048 MB  2048 MB  3668 MB
    20  1024 kP  3240 MB    45  M     1  S  4096 MB  4096 MB  7336 MB


FINAL CONFIGURATION
-------------------

Estimated to require 251 MB memory out of 2048 MB allowed.
Estimated to require 2 batches.

Configured complex mode for 0.246 GB memory per batch, and up to 2 batches.

Start counting with THREADED method.
Used 0.267 GB / 1.969 GB to store      2093487 kmers; need 0.002 GB to sort        40380 kmers
Used 0.369 GB / 1.969 GB to store     41869863 kmers; need 0.025 GB to sort       423597 kmers
Used 0.473 GB / 1.969 GB to store     81645317 kmers; need 0.050 GB to sort       837409 kmers

Input complete.  Writing results to './ecoli-80.01.meryl.WORKING', using 4 threads.
finishIteration()--

Finished counting.

Cleaning up.

Bye.
