
Configuring for:
  hash table:       80000000 bases.
  read stream:    1000000000 bases.


       Raw          Raw  Corrected    Corrected    Trimmed      Trimmed
     Reads        Bases      Reads        Bases      Reads        Bases
---------- ------------ ---------- ------------ ---------- ------------
       258      2400971        253      2293692        253      2293692
       516      4621194        504      4389071        504      4389071
       774      6882804        756      6544371        756      6544371
      1032      9244613       1010      8786872       1010      8786872
      1290     11529761       1262     10963138       1262     10963138
      1548     14080584       1512     13375156       1512     13375156
      1806     16475783       1760     15615317       1760     15615317
      2064     18734662       2008     17729857       2008     17729857
      2322     21002820       2259     19855778       2259     19855778
      2580     23515201       2510     22210229       2510     22210229
      2838     25956544       2761     24539189       2761     24539189
      3096     28671885       3015     27141371       3015     27141371
      3354     31129077       3267     29449940       3267     29449940
      3612     33529286       3515     31730065       3515     31730065
      3870     35942836       3761     33985133       3761     33985133
      4128     38263127       4013     36173750       4013     36173750
      4386     40519527       4263     38316605       4263     38316605
      4644     42977881       4518     40661076       4518     40661076
      4902     45284785       4771     42843326       4771     42843326
      5160     47424799       5025     44884828       5025     44884828
      5418     49804678       5276     47137468       5276     47137468
      5676     52182590       5527     49368400       5527     49368400
      5934     54632200       5779     51675314       5779     51675314
      6192     57009027       6024     53873533       6024     53873533
      6450     59539425       6274     56284925       6274     56284925
      6708     61804359       6527     58408217       6527     58408217
      6966     64218378       6777     60674379       6777     60674379
      7224     66703196       7030     63045313       7030     63045313
      7482     69211261       7279     65407423       7279     65407423
      7740     71501721       7528     67574747       7528     67574747
      7998     73935187       7781     69883970       7781     69883970
      8256     76096753       8037     71932047       8037     71932047
      8514     78477546       8290     74204247       8290     74204247
      8772     80868897       8542     76472313       8542     76472313
      9030     83382742       8794     78862357       8794     78862357
      9288     85962165       9046     81299939       9046     81299939
      9546     88632693       9294     83806544       9294     83806544
      9804     90856094       9548     85906699       9548     85906699
---------- ------------ ---------- ------------ ---------- ------------
     10043     93342989       9779     88237602       9779     88237602

  Job       Hash Range        # Reads      # Bases      Stream Range        # Reads      # Bases
----- --------------------- --------- ------------  --------------------- --------- ------------
    1          1-10043           8040     66630050           1-10043           8040     66630050
