
Found perl:
   /usr/bin/perl
   This is perl 5, version 18, subversion 4 (v5.18.4) built for darwin-thread-multi-2level

Found java:
   /Users/student/miniconda/bin/java
   openjdk version "11.0.13" 2021-10-19

Found canu:
   /Users/student/genome_assembly/canu-2.2/bin/canu
   canu 2.2

Running job 1 based on command line options.
sqCache: found 8040 corrected-trimmed reads with 66622010 bases.
Initializing 8 work areas.
Loading reference reads 1-10043 inclusive.
Loading 8040 reads and 66622010 bases from range 1-10043 inclusive.
Loading        1 <     4567 <    10043 -   45.47% - 0.01 GBLoading        1 <     9134 <    10043 -   90.95% - 0.02 GBLoading        1 <    10043 <    10043 -  100.00% - 0.02 GB
Build_Hash_Index from 1 to 10043

Found 8040 reads with length 66630050 to load; 2003 skipped by being too short; 0 skipped per library restriction
String_Ct:           0/       10043  totalLen:        5898/    66630050  Hash_Entries:        5876/    70464307  Load: 0.01%
HASH LOADING STOPPED: curID           10043 out of        10043
HASH LOADING STOPPED: length       66630050 out of     66630050 max.
HASH LOADING STOPPED: entries      13777280 out of     70464307 max (load 15.64).

Read 558 kmers to mark to skip


Range: 1-10043.  Store has 10043 reads.
Chunk: 157 reads/thread -- (G.endRefID=10043 - G.bgnRefID=1) / G.Num_PThreads=8 / 8

Starting 1-10043 with 157 per thread

Thread 03 processes reads 472-628
Thread 05 processes reads 786-942
Thread 00 processes reads 1-157
Thread 06 processes reads 943-1099
Thread 01 processes reads 158-314
Thread 04 processes reads 629-785
Thread 07 processes reads 1100-1256
Thread 02 processes reads 315-471
Thread 06 writes    reads 943-1099 (3049 overlaps 3049/6420/0 kmer hits with/without overlap/skipped)
Thread 06 processes reads 1257-1413
Thread 03 writes    reads 472-628 (3114 overlaps 3114/10494/0 kmer hits with/without overlap/skipped)
Thread 03 processes reads 1414-1570
Thread 01 writes    reads 158-314 (3388 overlaps 3388/9398/0 kmer hits with/without overlap/skipped)
Thread 01 processes reads 1571-1727
Thread 07 writes    reads 1100-1256 (3227 overlaps 3227/8621/0 kmer hits with/without overlap/skipped)
Thread 07 processes reads 1728-1884
Thread 05 writes    reads 786-942 (3162 overlaps 3162/8982/0 kmer hits with/without overlap/skipped)
Thread 05 processes reads 1885-2041
Thread 04 writes    reads 629-785 (3273 overlaps 3273/9250/0 kmer hits with/without overlap/skipped)
Thread 04 processes reads 2042-2198
Thread 02 writes    reads 315-471 (3127 overlaps 3127/9331/0 kmer hits with/without overlap/skipped)
Thread 02 processes reads 2199-2355
Thread 00 writes    reads 1-157 (3414 overlaps 3414/9836/0 kmer hits with/without overlap/skipped)
Thread 00 processes reads 2356-2512
Thread 04 writes    reads 2042-2198 (2575 overlaps 2575/7876/0 kmer hits with/without overlap/skipped)
Thread 04 processes reads 2513-2669
Thread 06 writes    reads 1257-1413 (3507 overlaps 3507/10695/0 kmer hits with/without overlap/skipped)
Thread 06 processes reads 2670-2826
Thread 01 writes    reads 1571-1727 (2701 overlaps 2701/8450/0 kmer hits with/without overlap/skipped)
Thread 01 processes reads 2827-2983
Thread 07 writes    reads 1728-1884 (3071 overlaps 3071/7741/0 kmer hits with/without overlap/skipped)
Thread 07 processes reads 2984-3140
Thread 00 writes    reads 2356-2512 (2594 overlaps 2594/8135/0 kmer hits with/without overlap/skipped)
Thread 00 processes reads 3141-3297
Thread 02 writes    reads 2199-2355 (2655 overlaps 2655/8854/0 kmer hits with/without overlap/skipped)
Thread 02 processes reads 3298-3454
Thread 05 writes    reads 1885-2041 (2833 overlaps 2833/9359/0 kmer hits with/without overlap/skipped)
Thread 05 processes reads 3455-3611
Thread 03 writes    reads 1414-1570 (2913 overlaps 2913/10630/0 kmer hits with/without overlap/skipped)
Thread 03 processes reads 3612-3768
Thread 05 writes    reads 3455-3611 (2128 overlaps 2128/6503/0 kmer hits with/without overlap/skipped)
Thread 05 processes reads 3769-3925
Thread 06 writes    reads 2670-2826 (2542 overlaps 2542/7752/0 kmer hits with/without overlap/skipped)
Thread 06 processes reads 3926-4082
Thread 04 writes    reads 2513-2669 (2446 overlaps 2446/5851/0 kmer hits with/without overlap/skipped)
Thread 04 processes reads 4083-4239
Thread 01 writes    reads 2827-2983 (2704 overlaps 2704/8607/0 kmer hits with/without overlap/skipped)
Thread 01 processes reads 4240-4396
Thread 02 writes    reads 3298-3454 (2278 overlaps 2278/6239/0 kmer hits with/without overlap/skipped)
Thread 02 processes reads 4397-4553
Thread 03 writes    reads 3612-3768 (2334 overlaps 2334/6889/0 kmer hits with/without overlap/skipped)
Thread 03 processes reads 4554-4710
Thread 04 writes    reads 4083-4239 (1994 overlaps 1994/7596/0 kmer hits with/without overlap/skipped)
Thread 04 processes reads 4711-4867
Thread 00 writes    reads 3141-3297 (2227 overlaps 2227/6839/0 kmer hits with/without overlap/skipped)
Thread 00 processes reads 4868-5024
Thread 07 writes    reads 2984-3140 (2635 overlaps 2635/9826/0 kmer hits with/without overlap/skipped)
Thread 07 processes reads 5025-5181
Thread 05 writes    reads 3769-3925 (1979 overlaps 1979/6676/0 kmer hits with/without overlap/skipped)
Thread 05 processes reads 5182-5338
Thread 06 writes    reads 3926-4082 (2206 overlaps 2206/7627/0 kmer hits with/without overlap/skipped)
Thread 06 processes reads 5339-5495
Thread 01 writes    reads 4240-4396 (1813 overlaps 1813/5554/0 kmer hits with/without overlap/skipped)
Thread 01 processes reads 5496-5652
Thread 03 writes    reads 4554-4710 (1942 overlaps 1942/5169/0 kmer hits with/without overlap/skipped)
Thread 03 processes reads 5653-5809
Thread 02 writes    reads 4397-4553 (2029 overlaps 2029/7190/0 kmer hits with/without overlap/skipped)
Thread 02 processes reads 5810-5966
Thread 04 writes    reads 4711-4867 (1661 overlaps 1661/4201/0 kmer hits with/without overlap/skipped)
Thread 04 processes reads 5967-6123
Thread 05 writes    reads 5182-5338 (1692 overlaps 1692/5038/0 kmer hits with/without overlap/skipped)
Thread 05 processes reads 6124-6280
Thread 07 writes    reads 5025-5181 (1738 overlaps 1738/6408/0 kmer hits with/without overlap/skipped)
Thread 07 processes reads 6281-6437
Thread 00 writes    reads 4868-5024 (1612 overlaps 1612/4360/0 kmer hits with/without overlap/skipped)
Thread 00 processes reads 6438-6594
Thread 06 writes    reads 5339-5495 (1545 overlaps 1545/4809/0 kmer hits with/without overlap/skipped)
Thread 06 processes reads 6595-6751
Thread 02 writes    reads 5810-5966 (1435 overlaps 1435/4208/0 kmer hits with/without overlap/skipped)
Thread 02 processes reads 6752-6908
Thread 03 writes    reads 5653-5809 (1448 overlaps 1448/5078/0 kmer hits with/without overlap/skipped)
Thread 03 processes reads 6909-7065
Thread 01 writes    reads 5496-5652 (1710 overlaps 1710/5724/0 kmer hits with/without overlap/skipped)
Thread 01 processes reads 7066-7222
Thread 04 writes    reads 5967-6123 (1395 overlaps 1395/4029/0 kmer hits with/without overlap/skipped)
Thread 04 processes reads 7223-7379
Thread 05 writes    reads 6124-6280 (1291 overlaps 1291/4694/0 kmer hits with/without overlap/skipped)
Thread 05 processes reads 7380-7536
Thread 07 writes    reads 6281-6437 (1244 overlaps 1244/4327/0 kmer hits with/without overlap/skipped)
Thread 07 processes reads 7537-7693
Thread 00 writes    reads 6438-6594 (1145 overlaps 1145/3533/0 kmer hits with/without overlap/skipped)
Thread 00 processes reads 7694-7850
Thread 06 writes    reads 6595-6751 (1192 overlaps 1192/4164/0 kmer hits with/without overlap/skipped)
Thread 06 processes reads 7851-8007
Thread 02 writes    reads 6752-6908 (1161 overlaps 1161/4452/0 kmer hits with/without overlap/skipped)
Thread 02 processes reads 8008-8164
Thread 03 writes    reads 6909-7065 (1137 overlaps 1137/3834/0 kmer hits with/without overlap/skipped)
Thread 03 processes reads 8165-8321
Thread 00 writes    reads 7694-7850 (854 overlaps 854/3436/0 kmer hits with/without overlap/skipped)
Thread 00 processes reads 8322-8478
Thread 04 writes    reads 7223-7379 (965 overlaps 965/3444/0 kmer hits with/without overlap/skipped)
Thread 04 processes reads 8479-8635
Thread 01 writes    reads 7066-7222 (971 overlaps 971/3142/0 kmer hits with/without overlap/skipped)
Thread 01 processes reads 8636-8792
Thread 05 writes    reads 7380-7536 (973 overlaps 973/3004/0 kmer hits with/without overlap/skipped)
Thread 05 processes reads 8793-8949
Thread 07 writes    reads 7537-7693 (915 overlaps 915/2721/0 kmer hits with/without overlap/skipped)
Thread 07 processes reads 8950-9106
Thread 02 writes    reads 8008-8164 (674 overlaps 674/2213/0 kmer hits with/without overlap/skipped)
Thread 02 processes reads 9107-9263
Thread 06 writes    reads 7851-8007 (760 overlaps 760/2278/0 kmer hits with/without overlap/skipped)
Thread 06 processes reads 9264-9420
Thread 03 writes    reads 8165-8321 (670 overlaps 670/1801/0 kmer hits with/without overlap/skipped)
Thread 03 processes reads 9421-9577
Thread 01 writes    reads 8636-8792 (488 overlaps 488/1440/0 kmer hits with/without overlap/skipped)
Thread 01 processes reads 9578-9734
Thread 05 writes    reads 8793-8949 (439 overlaps 439/1537/0 kmer hits with/without overlap/skipped)
Thread 05 processes reads 9735-9891
Thread 00 writes    reads 8322-8478 (665 overlaps 665/1890/0 kmer hits with/without overlap/skipped)
Thread 00 processes reads 9892-10043
Thread 04 writes    reads 8479-8635 (542 overlaps 542/2130/0 kmer hits with/without overlap/skipped)
Thread 02 writes    reads 9107-9263 (404 overlaps 404/1525/0 kmer hits with/without overlap/skipped)
Thread 07 writes    reads 8950-9106 (353 overlaps 353/1394/0 kmer hits with/without overlap/skipped)
Thread 03 writes    reads 9421-9577 (211 overlaps 211/735/0 kmer hits with/without overlap/skipped)
Thread 06 writes    reads 9264-9420 (289 overlaps 289/965/0 kmer hits with/without overlap/skipped)
Thread 01 writes    reads 9578-9734 (157 overlaps 157/535/0 kmer hits with/without overlap/skipped)
Thread 00 writes    reads 9892-10043 (42 overlaps 42/103/0 kmer hits with/without overlap/skipped)
Thread 05 writes    reads 9735-9891 (99 overlaps 99/372/0 kmer hits with/without overlap/skipped)
Bye.
