
Found perl:
   /usr/bin/perl
   This is perl 5, version 18, subversion 4 (v5.18.4) built for darwin-thread-multi-2level

Found java:
   /Users/student/miniconda/bin/java
   openjdk version "11.0.13" 2021-10-19

Found canu:
   /Users/student/genome_assembly/canu-2.2/bin/canu
   canu 2.2

Running job 1 based on command line options.

Found 1 command tree.

Counting 63 (estimated) million canonical 22-mers from 1 input file:
    canu-seqStore: ../../ecoli-80.seqStore


SIMPLE MODE
-----------

  Not possible.


COMPLEX MODE
------------

prefix     # of   struct   kmers/    segs/      min     data    total
  bits   prefix   memory   prefix   prefix   memory   memory   memory
------  -------  -------  -------  -------  -------  -------  -------
     1     2  P   347 kB    15 MM    21 kS  8192  B   170 MB   171 MB
     2     4  P   346 kB  8132 kM    10 kS    16 kB   166 MB   167 MB
     3     8  P   351 kB  4066 kM  5212  S    32 kB   162 MB   163 MB
     4    16  P   368 kB  2033 kM  2543  S    64 kB   158 MB   159 MB
     5    32  P   411 kB  1016 kM  1240  S   128 kB   155 MB   155 MB
     6    64  P   504 kB   508 kM   604  S   256 kB   151 MB   151 MB
     7   128  P   699 kB   254 kM   295  S   512 kB   147 MB   148 MB
     8   256  P  1094 kB   127 kM   143  S  1024 kB   143 MB   144 MB
     9   512  P  1896 kB    63 kM    70  S  2048 kB   140 MB   141 MB
    10  1024  P  3504 kB    31 kM    34  S  4096 kB   136 MB   139 MB  Best Value!
    11  2048  P  6736 kB    15 kM    17  S  8192 kB   136 MB   142 MB
    12  4096  P    12 MB  8133  M     8  S    16 MB   128 MB   140 MB
    13  8192  P    25 MB  4067  M     4  S    32 MB   128 MB   153 MB
    14    16 kP    50 MB  2034  M     2  S    64 MB   128 MB   178 MB
    15    32 kP   101 MB  1017  M     1  S   128 MB   128 MB   229 MB
    16    64 kP   202 MB   509  M     1  S   256 MB   256 MB   458 MB
    17   128 kP   405 MB   255  M     1  S   512 MB   512 MB   917 MB
    18   256 kP   810 MB   128  M     1  S  1024 MB  1024 MB  1834 MB
    19   512 kP  1620 MB    64  M     1  S  2048 MB  2048 MB  3668 MB
    20  1024 kP  3240 MB    32  M     1  S  4096 MB  4096 MB  7336 MB


FINAL CONFIGURATION
-------------------

Estimated to require 275 MB memory out of 2048 MB allowed.
Estimated to require 2 batches.

Configured complex mode for 0.269 GB memory per batch, and up to 2 batches.

Start counting with THREADED method.
Used 0.270 GB / 1.969 GB to store      2091541 kmers; need 0.001 GB to sort        22401 kmers
Used 0.387 GB / 1.969 GB to store     31372961 kmers; need 0.011 GB to sort       183264 kmers
Used 0.505 GB / 1.969 GB to store     60653518 kmers; need 0.020 GB to sort       342040 kmers

Input complete.  Writing results to './ecoli-80.01.meryl.WORKING', using 4 threads.
finishIteration()--

Finished counting.

Cleaning up.

Bye.
