
Found perl:
   /usr/bin/perl
   This is perl 5, version 18, subversion 4 (v5.18.4) built for darwin-thread-multi-2level

Found java:
   /Users/student/miniconda/bin/java
   openjdk version "11.0.13" 2021-10-19

Found canu:
   /Users/student/genome_assembly/canu-2.2/bin/canu
   canu 2.2

Running job 2 based on command line options.

Running block 000002 in query 000002

Running with these settings:
--filter-threshold = 1.0E-7
--help = false
--max-shift = 0.2
--min-olap-length = 500
--min-store-length = 0
--no-rc = false
--no-self = false
--no-tf = false
--num-hashes = 768
--num-min-matches = 2
--num-threads = 8
--ordered-kmer-size = 12
--ordered-sketch-size = 1536
--repeat-idf-scale = 10.0
--repeat-weight = 0.9
--settings = 0
--store-full-id = true
--supress-noise = 0
--threshold = 0.73
--version = false
-f = 
-h = false
-k = 16
-p = 
-q = queries/000002
-s = ./blocks/000002.dat

Processing files for storage in reverse index...
Current # sequences loaded and processed from file: 5000...
Current # sequences stored: 5000...
Stored 8856 sequences in the index.
Processed 8856 unique sequences (fwd and rev).
Time (s) to read and hash from file: 2.216207839
Time (s) to score and output to self: 1.834034645
Total scoring time (s): 1.834828576
Total time (s): 4.051178467000001
MinHash search time (s): 2.874961186
Total matches found: 32260
Average number of matches per lookup: 7.285456187895212
Average number of table elements processed per lookup: 922.5036133694671
Average number of table elements processed per match: 126.62262864228147
Average % of hashed sequences hit per lookup: 0.6544055484969182
Average % of hashed sequences hit that are matches: 12.571067839342845
Average % of hashed sequences fully compared that are matches: 85.98997760955326
