
Found perl:
   /usr/bin/perl
   This is perl 5, version 18, subversion 4 (v5.18.4) built for darwin-thread-multi-2level

Found java:
   /Users/student/miniconda/bin/java
   openjdk version "11.0.13" 2021-10-19

Found canu:
   /Users/student/genome_assembly/canu-2.2/bin/canu
   canu 2.2

Running job 2 based on command line options.

Running block 000002 in query 000002

Running with these settings:
--filter-threshold = 1.0E-7
--help = false
--max-shift = 0.2
--min-olap-length = 500
--min-store-length = 0
--no-rc = false
--no-self = false
--no-tf = false
--num-hashes = 768
--num-min-matches = 2
--num-threads = 8
--ordered-kmer-size = 12
--ordered-sketch-size = 1536
--repeat-idf-scale = 10.0
--repeat-weight = 0.9
--settings = 0
--store-full-id = true
--supress-noise = 0
--threshold = 0.73
--version = false
-f = 
-h = false
-k = 16
-p = 
-q = queries/000002
-s = ./blocks/000002.dat

Processing files for storage in reverse index...
Stored 3886 sequences in the index.
Processed 3886 unique sequences (fwd and rev).
Time (s) to read and hash from file: 0.8870660410000001
Time (s) to score and output to self: 0.93335707
Total scoring time (s): 0.9340529780000001
Total time (s): 1.821254732
MinHash search time (s): 1.4817842060000002
Total matches found: 6571
Average number of matches per lookup: 3.38188368502316
Average number of table elements processed per lookup: 840.6320123520329
Average number of table elements processed per match: 248.5691675544057
Average % of hashed sequences hit per lookup: 0.6775049804661891
Average % of hashed sequences hit that are matches: 12.84527416674812
Average % of hashed sequences fully compared that are matches: 86.2109682498032
