
Found perl:
   /usr/bin/perl
   This is perl 5, version 18, subversion 4 (v5.18.4) built for darwin-thread-multi-2level

Found java:
   /Users/student/miniconda/bin/java
   openjdk version "11.0.13" 2021-10-19

Found canu:
   /Users/student/genome_assembly/canu-2.2/bin/canu
   canu 2.2

Running job 2 based on command line options.
/Users/student/genome_assembly/canu-2.2/ecoli-pacbio-80/correction/1-overlapper
Opened seqStore '../../ecoli-80.seqStore' for 'raw' reads.
Dumping raw reads from 8101 to 10043 (inclusive).

Starting mhap precompute.

Running with these settings:
--filter-threshold = 1.0E-7
--help = false
--max-shift = 0.2
--min-olap-length = 500
--min-store-length = 0
--no-rc = false
--no-self = false
--no-tf = false
--num-hashes = 768
--num-min-matches = 2
--num-threads = 8
--ordered-kmer-size = 12
--ordered-sketch-size = 1536
--repeat-idf-scale = 10.0
--repeat-weight = 0.9
--settings = 0
--store-full-id = true
--supress-noise = 0
--threshold = 0.73
--version = false
-f = ../../0-mercounts/ecoli-80.ms16.ignore.gz
-h = false
-k = 16
-p = ./000002.input.fasta
-q = .
-s = 

Reading in filter file ../../0-mercounts/ecoli-80.ms16.ignore.gz.
Read in values for repeat 0 and 0
Warning, k-mer filter file has zero elements.
Initializing
Initialized
Time (s) to read filter file: 0.037783189
Read in k-mer filter for sizes: []
Processing FASTA files for binary compression...
Processed 3886 sequences (fwd and rev).
Read, hashed, and stored file ./000002.input.fasta to ./000002.input.dat.
Time (s): 80.15603035000001
Total time (s): 80.156168425
